[10-11-2020 10:02:43]
Level: INFO
InvolvedClass: SiemensPLCThread
Log: IPAddress: 192.168.1.5, Rack: 0, Slot: 0
Message: Cannot connect to Siemens PLC

[10-11-2020 10:02:53]
Level: INFO
InvolvedClass: SiemensPLCThread
Log: IPAddress: 192.168.1.5, Rack: 0, Slot: 0
Message: Cannot connect to Siemens PLC

[10-11-2020 10:21:41]X: 2.1705357142857142, Y: NumberAxis@2aba96d5[styleClass=axis]
[10-11-2020 10:21:42]X: 2.1589285714285715, Y: NumberAxis@2aba96d5[styleClass=axis]
[10-11-2020 10:21:42]X: 1.9500000000000002, Y: NumberAxis@2aba96d5[styleClass=axis]
[10-11-2020 10:21:43]X: 1.3696428571428574, Y: NumberAxis@2aba96d5[styleClass=axis]
[10-11-2020 10:21:44]X: 4.236607142857143, Y: NumberAxis@2aba96d5[styleClass=axis]
[10-11-2020 10:21:45]X: 3.5517857142857148, Y: NumberAxis@2aba96d5[styleClass=axis]
[10-11-2020 10:21:46]X: 3.5517857142857148, Y: NumberAxis@2aba96d5[styleClass=axis]
[10-11-2020 10:21:46]X: 3.5517857142857148, Y: NumberAxis@2aba96d5[styleClass=axis]
[10-11-2020 10:21:48]X: 4.758928571428572, Y: NumberAxis@2aba96d5[styleClass=axis]
[10-11-2020 10:21:51]X: 3.3312500000000003, Y: NumberAxis@2aba96d5[styleClass=axis]
[10-11-2020 10:21:51]
Level: INFO
InvolvedClass: SiemensPLCThread
Log: IPAddress: 192.168.1.5, Rack: 0, Slot: 0
Message: Cannot connect to Siemens PLC

[10-11-2020 10:21:52]X: 2.785714285714286, Y: NumberAxis@2aba96d5[styleClass=axis]
[10-11-2020 10:21:53]X: 2.205357142857143, Y: NumberAxis@2aba96d5[styleClass=axis]
[10-11-2020 10:21:53]X: 1.7758928571428574, Y: NumberAxis@2aba96d5[styleClass=axis]
[10-11-2020 10:21:53]X: 1.3348214285714286, Y: NumberAxis@2aba96d5[styleClass=axis]
[10-11-2020 10:21:54]X: 1.05625, Y: NumberAxis@2aba96d5[styleClass=axis]
[10-11-2020 10:21:54]X: 0.8473214285714286, Y: NumberAxis@2aba96d5[styleClass=axis]
[10-11-2020 10:21:55]X: 0.7312500000000001, Y: NumberAxis@2aba96d5[styleClass=axis]
[10-11-2020 10:21:55]X: 1.5901785714285714, Y: NumberAxis@2aba96d5[styleClass=axis]
[10-11-2020 10:21:55]X: 2.4258928571428573, Y: NumberAxis@2aba96d5[styleClass=axis]
[10-11-2020 10:21:56]X: 3.366071428571429, Y: NumberAxis@2aba96d5[styleClass=axis]
[10-11-2020 10:21:56]X: 3.7375000000000007, Y: NumberAxis@2aba96d5[styleClass=axis]
[10-11-2020 10:21:56]X: 4.143750000000001, Y: NumberAxis@2aba96d5[styleClass=axis]
[10-11-2020 10:21:56]X: 4.550000000000001, Y: NumberAxis@2aba96d5[styleClass=axis]
[10-11-2020 10:21:57]X: 5.385714285714286, Y: NumberAxis@2aba96d5[styleClass=axis]
[10-11-2020 10:21:57]X: 6.2214285714285715, Y: NumberAxis@2aba96d5[styleClass=axis]
[10-11-2020 10:21:57]X: 6.476785714285715, Y: NumberAxis@2aba96d5[styleClass=axis]
[10-11-2020 10:21:57]X: 6.708928571428571, Y: NumberAxis@2aba96d5[styleClass=axis]
[10-11-2020 10:21:58]X: 6.825, Y: NumberAxis@2aba96d5[styleClass=axis]
[10-11-2020 10:21:59]X: 6.894642857142857, Y: NumberAxis@2aba96d5[styleClass=axis]
[10-11-2020 10:22:00]X: 6.894642857142857, Y: NumberAxis@2aba96d5[styleClass=axis]
[10-11-2020 10:22:00]X: 6.894642857142857, Y: NumberAxis@2aba96d5[styleClass=axis]
[10-11-2020 10:22:01]X: 6.894642857142857, Y: NumberAxis@2aba96d5[styleClass=axis]
[10-11-2020 10:22:01]X: 6.894642857142857, Y: NumberAxis@2aba96d5[styleClass=axis]
[10-11-2020 10:22:02]X: 6.929464285714286, Y: NumberAxis@2aba96d5[styleClass=axis]
[10-11-2020 10:22:02]X: 7.022321428571429, Y: NumberAxis@2aba96d5[styleClass=axis]
[10-11-2020 10:22:03]X: 7.022321428571429, Y: NumberAxis@2aba96d5[styleClass=axis]
[10-11-2020 10:22:04]X: 7.057142857142857, Y: NumberAxis@2aba96d5[styleClass=axis]
[10-11-2020 10:22:05]X: 7.057142857142857, Y: NumberAxis@2aba96d5[styleClass=axis]
[10-11-2020 10:22:05]X: 7.057142857142857, Y: NumberAxis@2aba96d5[styleClass=axis]
[10-11-2020 10:22:05]X: 6.534821428571428, Y: NumberAxis@2aba96d5[styleClass=axis]
[10-11-2020 10:22:06]X: 6.082142857142857, Y: NumberAxis@2aba96d5[styleClass=axis]
[10-11-2020 10:22:06]X: 5.466964285714286, Y: NumberAxis@2aba96d5[styleClass=axis]
[10-11-2020 10:22:06]X: 4.422321428571429, Y: NumberAxis@2aba96d5[styleClass=axis]
[10-11-2020 10:22:06]X: 3.772321428571429, Y: NumberAxis@2aba96d5[styleClass=axis]
[10-11-2020 10:22:06]
Level: INFO
InvolvedClass: SiemensPLCThread
Log: IPAddress: 192.168.1.5, Rack: 0, Slot: 0
Message: Cannot connect to Siemens PLC

[10-11-2020 10:22:07]X: 3.284821428571429, Y: NumberAxis@2aba96d5[styleClass=axis]
[10-11-2020 10:22:07]X: 2.7392857142857148, Y: NumberAxis@2aba96d5[styleClass=axis]
[10-11-2020 10:22:07]X: 1.5205357142857145, Y: NumberAxis@2aba96d5[styleClass=axis]
[10-11-2020 10:22:07]X: 0.8473214285714286, Y: NumberAxis@2aba96d5[styleClass=axis]
[10-11-2020 10:22:08]X: 0.5571428571428572, Y: NumberAxis@2aba96d5[styleClass=axis]
[10-11-2020 10:22:08]X: 0.5571428571428572, Y: NumberAxis@2aba96d5[styleClass=axis]
[10-11-2020 10:22:09]X: 0.5571428571428572, Y: NumberAxis@2aba96d5[styleClass=axis]
[10-11-2020 10:22:09]X: 0.5571428571428572, Y: NumberAxis@2aba96d5[styleClass=axis]
[10-11-2020 10:22:09]X: 0.5339285714285714, Y: NumberAxis@2aba96d5[styleClass=axis]
[10-11-2020 10:22:09]X: 0.41785714285714287, Y: NumberAxis@2aba96d5[styleClass=axis]
[10-11-2020 10:22:10]X: 0.40625, Y: NumberAxis@2aba96d5[styleClass=axis]
[10-11-2020 10:22:10]X: 0.3598214285714286, Y: NumberAxis@2aba96d5[styleClass=axis]
[10-11-2020 10:22:10]X: 0.3366071428571429, Y: NumberAxis@2aba96d5[styleClass=axis]
[10-11-2020 10:22:10]X: 0.3366071428571429, Y: NumberAxis@2aba96d5[styleClass=axis]
[10-11-2020 10:22:11]X: 0.325, Y: NumberAxis@2aba96d5[styleClass=axis]
[10-11-2020 10:22:11]X: 0.3133928571428572, Y: NumberAxis@2aba96d5[styleClass=axis]
[10-11-2020 10:22:11]X: 0.3017857142857143, Y: NumberAxis@2aba96d5[styleClass=axis]
[10-11-2020 10:22:11]X: 0.3017857142857143, Y: NumberAxis@2aba96d5[styleClass=axis]
[10-11-2020 10:22:12]X: 0.2785714285714286, Y: NumberAxis@2aba96d5[styleClass=axis]
[10-11-2020 10:22:12]X: 0.2553571428571429, Y: NumberAxis@2aba96d5[styleClass=axis]
[10-11-2020 10:22:12]X: 0.22053571428571428, Y: NumberAxis@2aba96d5[styleClass=axis]
[10-11-2020 10:22:12]X: 0.19732142857142856, Y: NumberAxis@2aba96d5[styleClass=axis]
[10-11-2020 10:22:12]X: 0.18571428571428572, Y: NumberAxis@2aba96d5[styleClass=axis]
[10-11-2020 10:22:21]
Level: INFO
InvolvedClass: SiemensPLCThread
Log: IPAddress: 192.168.1.5, Rack: 0, Slot: 0
Message: Cannot connect to Siemens PLC

[10-11-2020 10:22:36]
Level: INFO
InvolvedClass: SiemensPLCThread
Log: IPAddress: 192.168.1.5, Rack: 0, Slot: 0
Message: Cannot connect to Siemens PLC

[10-11-2020 10:22:51]
Level: INFO
InvolvedClass: SiemensPLCThread
Log: IPAddress: 192.168.1.5, Rack: 0, Slot: 0
Message: Cannot connect to Siemens PLC

[10-11-2020 10:23:06]
Level: INFO
InvolvedClass: SiemensPLCThread
Log: IPAddress: 192.168.1.5, Rack: 0, Slot: 0
Message: Cannot connect to Siemens PLC

[10-11-2020 10:26:15]
Level: INFO
InvolvedClass: SiemensPLCThread
Log: IPAddress: 192.168.1.5, Rack: 0, Slot: 0
Message: Cannot connect to Siemens PLC

[10-11-2020 10:26:17]X: 1.9703125, Y: 4.2064903846153845
[10-11-2020 10:26:18]X: 0.4033482142857144, Y: 4.809375
[10-11-2020 10:26:18]X: 0.18281250000000002, Y: 4.845913461538462
[10-11-2020 10:26:19]X: 0.06674107142857146, Y: 4.809375
[10-11-2020 10:26:22]X: 0.04352678571428572, Y: 4.809375
[10-11-2020 10:26:23]X: 0.04352678571428572, Y: 4.809375
[10-11-2020 10:26:24]X: 0.04352678571428572, Y: 4.809375
[10-11-2020 10:26:25]X: 0.04352678571428572, Y: 4.772836538461538
[10-11-2020 10:26:28]X: 0.0319196428571429, Y: 4.772836538461538
[10-11-2020 10:26:29]X: 0.0319196428571429, Y: 4.772836538461538
[10-11-2020 10:26:29]X: 0.0319196428571429, Y: 4.772836538461538
[10-11-2020 10:26:29]X: 0.0319196428571429, Y: 4.772836538461538
[10-11-2020 10:26:29]X: 0.0319196428571429, Y: 4.772836538461538
[10-11-2020 10:26:30]X: 0.0319196428571429, Y: 4.772836538461538
[10-11-2020 10:26:30]X: 0.0319196428571429, Y: 4.772836538461538
[10-11-2020 10:26:30]X: 0.0319196428571429, Y: 4.772836538461538
[10-11-2020 10:26:30]X: 0.0319196428571429, Y: 4.772836538461538
[10-11-2020 10:26:30]
Level: INFO
InvolvedClass: SiemensPLCThread
Log: IPAddress: 192.168.1.5, Rack: 0, Slot: 0
Message: Cannot connect to Siemens PLC

[10-11-2020 10:26:32]X: 6.3926339285714295, Y: 2.9276442307692303
[10-11-2020 10:26:33]X: 6.450669642857143, Y: 2.9276442307692303
[10-11-2020 10:26:34]X: 6.462276785714287, Y: 2.9276442307692303
[10-11-2020 10:26:35]X: 6.473883928571429, Y: 2.9276442307692303
[10-11-2020 10:26:37]X: 6.485491071428572, Y: 2.9276442307692303
[10-11-2020 10:26:37]X: 6.485491071428572, Y: 2.9276442307692303
[10-11-2020 10:26:38]X: 6.485491071428572, Y: 2.9276442307692303
[10-11-2020 10:26:43]X: 4.651562500000001, Y: 6.837259615384615
[10-11-2020 10:26:44]X: 4.651562500000001, Y: 6.837259615384615
[10-11-2020 10:26:45]
Level: INFO
InvolvedClass: SiemensPLCThread
Log: IPAddress: 192.168.1.5, Rack: 0, Slot: 0
Message: Cannot connect to Siemens PLC

[10-11-2020 10:26:47]X: 3.014955357142857, Y: 4.827644230769231
[10-11-2020 10:26:47]X: 3.014955357142857, Y: 4.718028846153846
[10-11-2020 10:26:47]X: 3.014955357142857, Y: 4.718028846153846
[10-11-2020 10:26:48]X: 3.038169642857143, Y: 4.845913461538462
[10-11-2020 10:26:48]X: 3.014955357142857, Y: 4.772836538461538
[10-11-2020 10:26:49]X: 3.014955357142857, Y: 4.882451923076923
[10-11-2020 10:26:52]X: 3.014955357142857, Y: 4.553605769230769
[10-11-2020 10:26:52]X: 3.014955357142857, Y: 4.5353365384615385
[10-11-2020 10:26:53]X: 3.014955357142857, Y: 4.5353365384615385
[10-11-2020 10:26:53]X: 3.014955357142857, Y: 4.5353365384615385
[10-11-2020 10:27:00]
Level: INFO
InvolvedClass: SiemensPLCThread
Log: IPAddress: 192.168.1.5, Rack: 0, Slot: 0
Message: Cannot connect to Siemens PLC

[10-11-2020 10:27:15]
Level: INFO
InvolvedClass: SiemensPLCThread
Log: IPAddress: 192.168.1.5, Rack: 0, Slot: 0
Message: Cannot connect to Siemens PLC

[10-11-2020 10:27:30]
Level: INFO
InvolvedClass: SiemensPLCThread
Log: IPAddress: 192.168.1.5, Rack: 0, Slot: 0
Message: Cannot connect to Siemens PLC

[10-11-2020 10:27:45]
Level: INFO
InvolvedClass: SiemensPLCThread
Log: IPAddress: 192.168.1.5, Rack: 0, Slot: 0
Message: Cannot connect to Siemens PLC

[10-11-2020 10:28:00]
Level: INFO
InvolvedClass: SiemensPLCThread
Log: IPAddress: 192.168.1.5, Rack: 0, Slot: 0
Message: Cannot connect to Siemens PLC

[10-11-2020 10:28:07]X: 2.771205357142857, Y: 4.35264423076923
[10-11-2020 10:28:08]X: 3.1310267857142855, Y: 5.247836538461539
[10-11-2020 10:28:11]X: 3.8622767857142866, Y: 8.335336538461538
[10-11-2020 10:28:11]X: 3.8622767857142866, Y: 8.335336538461538
[10-11-2020 10:28:12]X: 3.804241071428572, Y: 8.335336538461538
[10-11-2020 10:28:12]X: 3.804241071428572, Y: 8.335336538461538
[10-11-2020 10:28:12]X: 3.804241071428572, Y: 8.335336538461538
[10-11-2020 10:28:15]
Level: INFO
InvolvedClass: SiemensPLCThread
Log: IPAddress: 192.168.1.5, Rack: 0, Slot: 0
Message: Cannot connect to Siemens PLC

[10-11-2020 10:28:30]
Level: INFO
InvolvedClass: SiemensPLCThread
Log: IPAddress: 192.168.1.5, Rack: 0, Slot: 0
Message: Cannot connect to Siemens PLC

[10-11-2020 10:28:45]
Level: INFO
InvolvedClass: SiemensPLCThread
Log: IPAddress: 192.168.1.5, Rack: 0, Slot: 0
Message: Cannot connect to Siemens PLC

[10-11-2020 10:29:00]
Level: INFO
InvolvedClass: SiemensPLCThread
Log: IPAddress: 192.168.1.5, Rack: 0, Slot: 0
Message: Cannot connect to Siemens PLC

[10-11-2020 10:29:15]
Level: INFO
InvolvedClass: SiemensPLCThread
Log: IPAddress: 192.168.1.5, Rack: 0, Slot: 0
Message: Cannot connect to Siemens PLC

[10-11-2020 10:29:30]
Level: INFO
InvolvedClass: SiemensPLCThread
Log: IPAddress: 192.168.1.5, Rack: 0, Slot: 0
Message: Cannot connect to Siemens PLC

[10-11-2020 10:29:45]
Level: INFO
InvolvedClass: SiemensPLCThread
Log: IPAddress: 192.168.1.5, Rack: 0, Slot: 0
Message: Cannot connect to Siemens PLC

[10-11-2020 10:30:00]
Level: INFO
InvolvedClass: SiemensPLCThread
Log: IPAddress: 192.168.1.5, Rack: 0, Slot: 0
Message: Cannot connect to Siemens PLC

[10-11-2020 10:30:15]
Level: INFO
InvolvedClass: SiemensPLCThread
Log: IPAddress: 192.168.1.5, Rack: 0, Slot: 0
Message: Cannot connect to Siemens PLC

[10-11-2020 10:30:30]
Level: INFO
InvolvedClass: SiemensPLCThread
Log: IPAddress: 192.168.1.5, Rack: 0, Slot: 0
Message: Cannot connect to Siemens PLC

[10-11-2020 10:30:45]
Level: INFO
InvolvedClass: SiemensPLCThread
Log: IPAddress: 192.168.1.5, Rack: 0, Slot: 0
Message: Cannot connect to Siemens PLC

[10-11-2020 10:31:00]
Level: INFO
InvolvedClass: SiemensPLCThread
Log: IPAddress: 192.168.1.5, Rack: 0, Slot: 0
Message: Cannot connect to Siemens PLC

[10-11-2020 10:31:15]
Level: INFO
InvolvedClass: SiemensPLCThread
Log: IPAddress: 192.168.1.5, Rack: 0, Slot: 0
Message: Cannot connect to Siemens PLC

[10-11-2020 10:31:30]
Level: INFO
InvolvedClass: SiemensPLCThread
Log: IPAddress: 192.168.1.5, Rack: 0, Slot: 0
Message: Cannot connect to Siemens PLC

[10-11-2020 10:31:45]
Level: INFO
InvolvedClass: SiemensPLCThread
Log: IPAddress: 192.168.1.5, Rack: 0, Slot: 0
Message: Cannot connect to Siemens PLC

[10-11-2020 10:32:00]
Level: INFO
InvolvedClass: SiemensPLCThread
Log: IPAddress: 192.168.1.5, Rack: 0, Slot: 0
Message: Cannot connect to Siemens PLC

[10-11-2020 10:32:15]
Level: INFO
InvolvedClass: SiemensPLCThread
Log: IPAddress: 192.168.1.5, Rack: 0, Slot: 0
Message: Cannot connect to Siemens PLC

[10-11-2020 10:32:30]
Level: INFO
InvolvedClass: SiemensPLCThread
Log: IPAddress: 192.168.1.5, Rack: 0, Slot: 0
Message: Cannot connect to Siemens PLC

[10-11-2020 10:32:45]
Level: INFO
InvolvedClass: SiemensPLCThread
Log: IPAddress: 192.168.1.5, Rack: 0, Slot: 0
Message: Cannot connect to Siemens PLC

[10-11-2020 10:33:00]
Level: INFO
InvolvedClass: SiemensPLCThread
Log: IPAddress: 192.168.1.5, Rack: 0, Slot: 0
Message: Cannot connect to Siemens PLC

[10-11-2020 10:33:15]
Level: INFO
InvolvedClass: SiemensPLCThread
Log: IPAddress: 192.168.1.5, Rack: 0, Slot: 0
Message: Cannot connect to Siemens PLC

[10-11-2020 10:33:30]
Level: INFO
InvolvedClass: SiemensPLCThread
Log: IPAddress: 192.168.1.5, Rack: 0, Slot: 0
Message: Cannot connect to Siemens PLC

[10-11-2020 10:33:45]
Level: INFO
InvolvedClass: SiemensPLCThread
Log: IPAddress: 192.168.1.5, Rack: 0, Slot: 0
Message: Cannot connect to Siemens PLC

[10-11-2020 10:34:00]
Level: INFO
InvolvedClass: SiemensPLCThread
Log: IPAddress: 192.168.1.5, Rack: 0, Slot: 0
Message: Cannot connect to Siemens PLC

[10-11-2020 10:38:31]
Level: INFO
InvolvedClass: SiemensPLCThread
Log: IPAddress: 192.168.1.5, Rack: 0, Slot: 0
Message: Cannot connect to Siemens PLC

[10-11-2020 10:38:46]
Level: INFO
InvolvedClass: SiemensPLCThread
Log: IPAddress: 192.168.1.5, Rack: 0, Slot: 0
Message: Cannot connect to Siemens PLC

[10-11-2020 10:39:01]
Level: INFO
InvolvedClass: SiemensPLCThread
Log: IPAddress: 192.168.1.5, Rack: 0, Slot: 0
Message: Cannot connect to Siemens PLC

[10-11-2020 10:39:16]
Level: INFO
InvolvedClass: SiemensPLCThread
Log: IPAddress: 192.168.1.5, Rack: 0, Slot: 0
Message: Cannot connect to Siemens PLC

[10-11-2020 10:39:31]
Level: INFO
InvolvedClass: SiemensPLCThread
Log: IPAddress: 192.168.1.5, Rack: 0, Slot: 0
Message: Cannot connect to Siemens PLC

[10-11-2020 10:39:46]
Level: INFO
InvolvedClass: SiemensPLCThread
Log: IPAddress: 192.168.1.5, Rack: 0, Slot: 0
Message: Cannot connect to Siemens PLC

[10-11-2020 10:40:01]
Level: INFO
InvolvedClass: SiemensPLCThread
Log: IPAddress: 192.168.1.5, Rack: 0, Slot: 0
Message: Cannot connect to Siemens PLC

[10-11-2020 10:40:16]
Level: INFO
InvolvedClass: SiemensPLCThread
Log: IPAddress: 192.168.1.5, Rack: 0, Slot: 0
Message: Cannot connect to Siemens PLC

[10-11-2020 10:40:31]
Level: INFO
InvolvedClass: SiemensPLCThread
Log: IPAddress: 192.168.1.5, Rack: 0, Slot: 0
Message: Cannot connect to Siemens PLC

[10-11-2020 10:45:28]X: 3.014955357142857, Y: 4.937259615384615
[10-11-2020 10:45:28]X: 3.014955357142857, Y: 4.937259615384615
[10-11-2020 10:45:28]X: 2.9917410714285713, Y: 4.973798076923077
[10-11-2020 10:45:29]X: 2.9917410714285713, Y: 4.973798076923077
[10-11-2020 10:45:29]X: 2.9917410714285713, Y: 4.973798076923077
[10-11-2020 10:45:30]X: 3.978348214285715, Y: 8.938221153846152
[10-11-2020 10:45:30]X: 3.978348214285715, Y: 8.938221153846152
[10-11-2020 10:45:30]X: 3.978348214285715, Y: 8.938221153846152
[10-11-2020 10:45:30]X: 3.978348214285715, Y: 8.938221153846152
[10-11-2020 10:45:31]X: 4.953348214285715, Y: 7.019951923076922
[10-11-2020 10:45:32]X: 5.022991071428573, Y: 7.019951923076922
[10-11-2020 10:45:32]X: 5.022991071428573, Y: 7.019951923076922
[10-11-2020 10:45:32]X: 5.022991071428573, Y: 7.019951923076922
[10-11-2020 10:45:33]X: 5.022991071428573, Y: 7.019951923076922
[10-11-2020 10:45:33]X: 5.022991071428573, Y: 7.019951923076922
[10-11-2020 10:45:34]X: 3.943526785714286, Y: 8.901682692307693
[10-11-2020 10:45:34]X: 3.9667410714285722, Y: 8.956490384615384
[10-11-2020 10:45:35]X: 3.9667410714285722, Y: 8.956490384615384
[10-11-2020 10:45:35]X: 3.9667410714285722, Y: 8.956490384615384
[10-11-2020 10:45:35]X: 3.9667410714285722, Y: 8.956490384615384
[10-11-2020 10:45:36]X: 2.9917410714285713, Y: 4.973798076923077
[10-11-2020 10:45:36]X: 2.9917410714285713, Y: 4.973798076923077
[10-11-2020 10:45:37]X: 2.9917410714285713, Y: 4.973798076923077
[10-11-2020 10:45:37]X: 2.9917410714285713, Y: 4.973798076923077
[10-11-2020 10:45:37]
Level: INFO
InvolvedClass: SiemensPLCThread
Log: IPAddress: 192.168.1.5, Rack: 0, Slot: 0
Message: Cannot connect to Siemens PLC

[10-11-2020 10:45:37]X: 2.9917410714285713, Y: 4.973798076923077
[10-11-2020 10:45:49]X: 3.0265625000000003, Y: 4.937259615384615
[10-11-2020 10:45:49]X: 3.014955357142857, Y: 4.937259615384615
[10-11-2020 10:45:50]X: 2.9917410714285713, Y: 4.937259615384615
[10-11-2020 10:45:50]X: 2.9917410714285713, Y: 4.937259615384615
[10-11-2020 10:45:50]X: 2.9917410714285713, Y: 4.937259615384615
[10-11-2020 10:45:50]X: 2.9917410714285713, Y: 4.955528846153846
[10-11-2020 10:45:51]X: 2.9917410714285713, Y: 4.955528846153846
[10-11-2020 10:45:51]X: 2.9917410714285713, Y: 4.955528846153846
[10-11-2020 10:45:51]X: 2.9917410714285713, Y: 4.955528846153846
[10-11-2020 10:45:52]
Level: INFO
InvolvedClass: SiemensPLCThread
Log: IPAddress: 192.168.1.5, Rack: 0, Slot: 0
Message: Cannot connect to Siemens PLC

[10-11-2020 10:45:57]X: 5.9863839285714295, Y: 7.951682692307692
[10-11-2020 10:45:57]X: 5.9863839285714295, Y: 7.951682692307692
[10-11-2020 10:45:57]X: 5.9863839285714295, Y: 7.951682692307692
[10-11-2020 10:45:57]X: 5.9863839285714295, Y: 7.951682692307692
[10-11-2020 10:45:58]X: 4.756026785714286, Y: 7.513221153846153
[10-11-2020 10:45:59]X: 4.756026785714286, Y: 7.513221153846153
[10-11-2020 10:45:59]X: 4.756026785714286, Y: 7.513221153846153
[10-11-2020 10:45:59]X: 4.744419642857143, Y: 7.513221153846153
[10-11-2020 10:45:59]X: 4.744419642857143, Y: 7.513221153846153
[10-11-2020 10:46:00]X: 4.674776785714287, Y: 7.659374999999999
[10-11-2020 10:46:00]X: 4.628348214285714, Y: 7.750721153846153
[10-11-2020 10:46:00]X: 4.616741071428573, Y: 7.750721153846153
[10-11-2020 10:46:07]
Level: INFO
InvolvedClass: SiemensPLCThread
Log: IPAddress: 192.168.1.5, Rack: 0, Slot: 0
Message: Cannot connect to Siemens PLC

[10-11-2020 10:46:22]
Level: INFO
InvolvedClass: SiemensPLCThread
Log: IPAddress: 192.168.1.5, Rack: 0, Slot: 0
Message: Cannot connect to Siemens PLC

[10-11-2020 10:46:37]
Level: INFO
InvolvedClass: SiemensPLCThread
Log: IPAddress: 192.168.1.5, Rack: 0, Slot: 0
Message: Cannot connect to Siemens PLC

[10-11-2020 10:46:52]
Level: INFO
InvolvedClass: SiemensPLCThread
Log: IPAddress: 192.168.1.5, Rack: 0, Slot: 0
Message: Cannot connect to Siemens PLC

[10-11-2020 10:47:07]
Level: INFO
InvolvedClass: SiemensPLCThread
Log: IPAddress: 192.168.1.5, Rack: 0, Slot: 0
Message: Cannot connect to Siemens PLC

[10-11-2020 10:47:22]
Level: INFO
InvolvedClass: SiemensPLCThread
Log: IPAddress: 192.168.1.5, Rack: 0, Slot: 0
Message: Cannot connect to Siemens PLC

[10-11-2020 10:47:37]
Level: INFO
InvolvedClass: SiemensPLCThread
Log: IPAddress: 192.168.1.5, Rack: 0, Slot: 0
Message: Cannot connect to Siemens PLC

[10-11-2020 10:47:52]
Level: INFO
InvolvedClass: SiemensPLCThread
Log: IPAddress: 192.168.1.5, Rack: 0, Slot: 0
Message: Cannot connect to Siemens PLC

[10-11-2020 10:48:07]
Level: INFO
InvolvedClass: SiemensPLCThread
Log: IPAddress: 192.168.1.5, Rack: 0, Slot: 0
Message: Cannot connect to Siemens PLC

[10-11-2020 10:48:22]
Level: INFO
InvolvedClass: SiemensPLCThread
Log: IPAddress: 192.168.1.5, Rack: 0, Slot: 0
Message: Cannot connect to Siemens PLC

[10-11-2020 10:48:37]
Level: INFO
InvolvedClass: SiemensPLCThread
Log: IPAddress: 192.168.1.5, Rack: 0, Slot: 0
Message: Cannot connect to Siemens PLC

[10-11-2020 10:48:52]
Level: INFO
InvolvedClass: SiemensPLCThread
Log: IPAddress: 192.168.1.5, Rack: 0, Slot: 0
Message: Cannot connect to Siemens PLC

[10-11-2020 10:49:07]
Level: INFO
InvolvedClass: SiemensPLCThread
Log: IPAddress: 192.168.1.5, Rack: 0, Slot: 0
Message: Cannot connect to Siemens PLC

[10-11-2020 10:49:22]
Level: INFO
InvolvedClass: SiemensPLCThread
Log: IPAddress: 192.168.1.5, Rack: 0, Slot: 0
Message: Cannot connect to Siemens PLC

[10-11-2020 10:49:37]
Level: INFO
InvolvedClass: SiemensPLCThread
Log: IPAddress: 192.168.1.5, Rack: 0, Slot: 0
Message: Cannot connect to Siemens PLC

[10-11-2020 10:49:52]
Level: INFO
InvolvedClass: SiemensPLCThread
Log: IPAddress: 192.168.1.5, Rack: 0, Slot: 0
Message: Cannot connect to Siemens PLC

[10-11-2020 10:50:07]
Level: INFO
InvolvedClass: SiemensPLCThread
Log: IPAddress: 192.168.1.5, Rack: 0, Slot: 0
Message: Cannot connect to Siemens PLC

[10-11-2020 10:50:22]
Level: INFO
InvolvedClass: SiemensPLCThread
Log: IPAddress: 192.168.1.5, Rack: 0, Slot: 0
Message: Cannot connect to Siemens PLC

[10-11-2020 10:50:37]
Level: INFO
InvolvedClass: SiemensPLCThread
Log: IPAddress: 192.168.1.5, Rack: 0, Slot: 0
Message: Cannot connect to Siemens PLC

[10-11-2020 10:50:52]
Level: INFO
InvolvedClass: SiemensPLCThread
Log: IPAddress: 192.168.1.5, Rack: 0, Slot: 0
Message: Cannot connect to Siemens PLC

[10-11-2020 10:53:55]X: 1.6453125000000002, Y: 6.508413461538462
[10-11-2020 10:53:55]X: 1.6685267857142858, Y: 6.508413461538462
[10-11-2020 10:53:55]X: 2.887276785714286, Y: 5.430528846153846
[10-11-2020 10:53:56]X: 2.9917410714285713, Y: 5.0651442307692305
[10-11-2020 10:53:56]X: 3.0033482142857144, Y: 5.0651442307692305
[10-11-2020 10:53:56]X: 3.0265625000000003, Y: 4.918990384615385
[10-11-2020 10:53:56]X: 3.0265625000000003, Y: 4.918990384615385
[10-11-2020 10:53:57]X: 3.0265625000000003, Y: 5.046875
[10-11-2020 10:53:57]X: 3.154241071428572, Y: 5.3939903846153845
[10-11-2020 10:53:57]X: 3.223883928571429, Y: 5.649759615384616
[10-11-2020 10:53:57]X: 3.2703125, Y: 5.814182692307692
[10-11-2020 10:53:58]X: 4.372991071428572, Y: 5.960336538461538
[10-11-2020 10:53:58]X: 4.431026785714287, Y: 5.942067307692309
[10-11-2020 10:53:58]X: 4.431026785714287, Y: 5.942067307692309
[10-11-2020 10:53:59]X: 4.431026785714287, Y: 5.942067307692309
[10-11-2020 10:53:59]X: 4.233705357142857, Y: 5.9237980769230765
[10-11-2020 10:53:59]X: 4.1640625, Y: 5.9237980769230765
[10-11-2020 10:53:59]X: 4.082812500000001, Y: 5.9237980769230765
[10-11-2020 10:54:00]X: 3.989955357142857, Y: 5.9237980769230765
[10-11-2020 10:54:00]X: 3.8622767857142866, Y: 5.9237980769230765
[10-11-2020 10:54:00]X: 3.8158482142857144, Y: 5.9237980769230765
[10-11-2020 10:54:00]X: 3.6881696428571433, Y: 5.9237980769230765
[10-11-2020 10:54:00]X: 3.4676339285714284, Y: 5.960336538461538
[10-11-2020 10:54:04]X: 3.7578125, Y: 5.905528846153847
[10-11-2020 10:54:04]X: 3.7578125, Y: 5.905528846153847
[10-11-2020 10:54:04]X: 3.7578125, Y: 5.905528846153847
[10-11-2020 10:54:04]X: 3.7578125, Y: 5.905528846153847
[10-11-2020 10:54:05]X: 3.2935267857142856, Y: 5.905528846153847
[10-11-2020 10:54:05]X: 3.2935267857142856, Y: 5.905528846153847
[10-11-2020 10:54:06]X: 3.2935267857142856, Y: 5.905528846153847
[10-11-2020 10:54:06]
Level: INFO
InvolvedClass: SiemensPLCThread
Log: IPAddress: 192.168.1.5, Rack: 0, Slot: 0
Message: Cannot connect to Siemens PLC

[10-11-2020 10:54:06]X: 3.1890625, Y: 5.905528846153847
[10-11-2020 10:54:06]X: 3.1890625, Y: 5.905528846153847
[10-11-2020 10:54:07]X: 3.1774553571428568, Y: 5.905528846153847
[10-11-2020 10:54:07]X: 3.1774553571428568, Y: 5.905528846153847
[10-11-2020 10:54:07]X: 3.235491071428571, Y: 5.905528846153847
[10-11-2020 10:54:07]X: 3.258705357142857, Y: 5.905528846153847
[10-11-2020 10:54:08]X: 3.258705357142857, Y: 5.905528846153847
[10-11-2020 10:54:09]X: 3.014955357142857, Y: 5.083413461538461
[10-11-2020 10:54:09]X: 3.0033482142857144, Y: 4.955528846153846
[10-11-2020 10:54:09]X: 3.0033482142857144, Y: 4.955528846153846
[10-11-2020 10:54:09]X: 2.9917410714285713, Y: 4.955528846153846
[10-11-2020 10:54:10]X: 3.200669642857143, Y: 5.430528846153846
[10-11-2020 10:54:10]X: 3.200669642857143, Y: 5.430528846153846
[10-11-2020 10:54:10]X: 3.3399553571428577, Y: 5.832451923076923
[10-11-2020 10:54:10]X: 3.3399553571428577, Y: 5.832451923076923
[10-11-2020 10:54:11]X: 3.3399553571428577, Y: 5.832451923076923
[10-11-2020 10:54:11]X: 3.4328125000000003, Y: 5.868990384615384
[10-11-2020 10:54:11]X: 3.444419642857143, Y: 5.868990384615384
[10-11-2020 10:54:11]X: 3.444419642857143, Y: 5.868990384615384
[10-11-2020 10:54:12]X: 3.444419642857143, Y: 5.868990384615384
[10-11-2020 10:54:12]X: 3.560491071428572, Y: 5.868990384615384
[10-11-2020 10:54:12]X: 3.5720982142857145, Y: 5.868990384615384
[10-11-2020 10:54:12]X: 3.6765625, Y: 5.868990384615384
[10-11-2020 10:54:13]X: 3.7113839285714283, Y: 5.868990384615384
[10-11-2020 10:54:13]X: 3.769419642857143, Y: 5.868990384615384
[10-11-2020 10:54:13]X: 3.769419642857143, Y: 5.868990384615384
[10-11-2020 10:54:13]X: 3.7926339285714294, Y: 5.868990384615384
[10-11-2020 10:54:14]X: 3.8158482142857144, Y: 5.868990384615384
[10-11-2020 10:54:14]X: 3.8970982142857147, Y: 5.868990384615384
[10-11-2020 10:54:14]X: 5.1390625000000005, Y: 8.207451923076922
[10-11-2020 10:54:15]X: 5.1390625000000005, Y: 8.207451923076922
[10-11-2020 10:54:15]X: 5.1390625000000005, Y: 8.207451923076922
[10-11-2020 10:54:15]X: 5.1390625000000005, Y: 8.170913461538461
[10-11-2020 10:54:15]X: 5.115848214285715, Y: 7.878605769230769
[10-11-2020 10:54:15]X: 5.115848214285715, Y: 7.805528846153846
[10-11-2020 10:54:16]X: 5.115848214285715, Y: 7.67764423076923
[10-11-2020 10:54:16]X: 5.081026785714287, Y: 7.568028846153846
[10-11-2020 10:54:16]X: 5.046205357142857, Y: 7.421875
[10-11-2020 10:54:17]X: 4.999776785714286, Y: 7.0747596153846155
[10-11-2020 10:54:17]X: 4.999776785714286, Y: 7.0747596153846155
[10-11-2020 10:54:17]X: 4.999776785714286, Y: 7.0747596153846155
[10-11-2020 10:54:17]X: 4.999776785714286, Y: 7.0747596153846155
[10-11-2020 10:54:18]X: 4.999776785714286, Y: 7.147836538461538
[10-11-2020 10:54:18]X: 4.999776785714286, Y: 7.184375
[10-11-2020 10:54:18]X: 4.999776785714286, Y: 7.184375
[10-11-2020 10:54:18]X: 4.999776785714286, Y: 7.184375
[10-11-2020 10:54:18]X: 4.999776785714286, Y: 7.20264423076923
[10-11-2020 10:54:19]X: 4.999776785714286, Y: 7.20264423076923
[10-11-2020 10:54:19]X: 4.082812500000001, Y: 5.339182692307692
[10-11-2020 10:54:21]
Level: INFO
InvolvedClass: SiemensPLCThread
Log: IPAddress: 192.168.1.5, Rack: 0, Slot: 0
Message: Cannot connect to Siemens PLC

[10-11-2020 10:54:22]X: 3.978348214285715, Y: 5.412259615384615
[10-11-2020 10:54:22]X: 4.314955357142858, Y: 7.659374999999999
[10-11-2020 10:54:22]X: 3.8390625000000007, Y: 5.960336538461538
[10-11-2020 10:54:23]X: 3.6185267857142858, Y: 5.942067307692309
[10-11-2020 10:54:23]X: 3.606919642857143, Y: 5.942067307692309
[10-11-2020 10:54:23]X: 3.606919642857143, Y: 5.942067307692309
[10-11-2020 10:54:24]X: 3.606919642857143, Y: 5.942067307692309
[10-11-2020 10:54:24]X: 3.606919642857143, Y: 5.942067307692309
[10-11-2020 10:54:24]X: 3.606919642857143, Y: 5.942067307692309
