[10-11-2020 11:00:01]X: 4.2917410714285715, Y: 2.562259615384615
[10-11-2020 11:00:01]X: 3.456026785714286, Y: 4.9007211538461535
[10-11-2020 11:00:01]X: 3.3399553571428577, Y: 5.010336538461538
[10-11-2020 11:00:02]X: 3.200669642857143, Y: 5.046875
[10-11-2020 11:00:02]X: 3.0845982142857142, Y: 5.046875
[10-11-2020 11:00:02]X: 3.0033482142857144, Y: 5.046875
[10-11-2020 11:00:02]X: 2.9917410714285713, Y: 5.046875
[10-11-2020 11:00:02]X: 2.852455357142857, Y: 5.046875
[10-11-2020 11:00:03]X: 2.8292410714285716, Y: 5.046875
[10-11-2020 11:00:03]X: 2.747991071428572, Y: 5.046875
[10-11-2020 11:00:03]X: 2.713169642857143, Y: 5.046875
[10-11-2020 11:00:03]X: 2.631919642857143, Y: 5.046875
[10-11-2020 11:00:03]X: 2.481026785714286, Y: 5.046875
[10-11-2020 11:00:03]X: 2.306919642857143, Y: 5.046875
[10-11-2020 11:00:03]X: 2.156026785714286, Y: 5.046875
[10-11-2020 11:00:04]X: 1.9354910714285716, Y: 5.046875
[10-11-2020 11:00:04]X: 1.7497767857142856, Y: 5.046875
[10-11-2020 11:00:04]X: 1.5408482142857143, Y: 5.046875
[10-11-2020 11:00:04]X: 1.3667410714285713, Y: 5.046875
[10-11-2020 11:00:04]X: 1.0533482142857142, Y: 5.046875
[10-11-2020 11:00:04]X: 0.8560267857142858, Y: 5.046875
[10-11-2020 11:00:05]X: 0.7167410714285715, Y: 5.046875
[10-11-2020 11:00:05]X: 2.9917410714285713, Y: 4.425721153846154
[10-11-2020 11:00:06]X: 2.225669642857143, Y: 4.407451923076923
[10-11-2020 11:00:06]X: 0.26406250000000003, Y: 4.626682692307692
[10-11-2020 11:00:07]X: 0.04352678571428572, Y: 4.626682692307692
[10-11-2020 11:00:07]X: 0.0319196428571429, Y: 4.626682692307692
[10-11-2020 11:00:10]
Level: INFO
InvolvedClass: SiemensPLCThread
Log: IPAddress: 192.168.1.5, Rack: 0, Slot: 0
Message: Cannot connect to Siemens PLC

[10-11-2020 11:00:18]X: 0.04352678571428572, Y: 4.6632211538461545
[10-11-2020 11:00:18]X: 0.04352678571428572, Y: 4.6632211538461545
[10-11-2020 11:00:18]X: 0.04352678571428572, Y: 4.6632211538461545
[10-11-2020 11:00:18]X: 0.04352678571428572, Y: 4.6632211538461545
[10-11-2020 11:00:18]X: 0.04352678571428572, Y: 4.6632211538461545
[10-11-2020 11:00:19]X: 0.04352678571428572, Y: 4.6632211538461545
[10-11-2020 11:00:19]X: 1.3667410714285713, Y: 4.517067307692308
[10-11-2020 11:00:19]X: 1.6917410714285714, Y: 4.5353365384615385
[10-11-2020 11:00:20]X: 1.8426339285714286, Y: 7.458413461538462
[10-11-2020 11:00:20]X: 1.8658482142857142, Y: 7.093028846153847
[10-11-2020 11:00:25]
Level: INFO
InvolvedClass: SiemensPLCThread
Log: IPAddress: 192.168.1.5, Rack: 0, Slot: 0
Message: Cannot connect to Siemens PLC

[10-11-2020 11:05:24]
Level: SEVERE
InvolvedClass: JavaFXMain
Message: Error while stopping JavaFX Main Application
parozzz.github.com.hmi.JavaFXMain.saveData(JavaFXMain.java:110)
parozzz.github.com.hmi.JavaFXMain.stop(JavaFXMain.java:89)
com.sun.javafx.application.LauncherImpl.lambda$launchApplication1$10(LauncherImpl.java:865)
com.sun.javafx.application.PlatformImpl.lambda$runAndWait$12(PlatformImpl.java:455)
com.sun.javafx.application.PlatformImpl.lambda$runLater$10(PlatformImpl.java:428)
java.base/java.security.AccessController.doPrivileged(AccessController.java:391)
com.sun.javafx.application.PlatformImpl.lambda$runLater$11(PlatformImpl.java:427)
com.sun.glass.ui.InvokeLaterDispatcher$Future.run(InvokeLaterDispatcher.java:96)
com.sun.glass.ui.win.WinApplication._runLoop(Native Method)
com.sun.glass.ui.win.WinApplication.lambda$runLoop$3(WinApplication.java:174)
java.base/java.lang.Thread.run(Thread.java:832)

[10-11-2020 11:10:33]X: 1.1345982142857143, Y: 6.636298076923078
[10-11-2020 11:10:36]X: 1.6685267857142858, Y: 5.686298076923077
[10-11-2020 11:10:36]X: 2.747991071428572, Y: 4.644951923076923
[10-11-2020 11:10:37]X: 0.7283482142857143, Y: 5.960336538461538
[10-11-2020 11:10:39]X: 1.4712053571428574, Y: 1.0641826923076916
[10-11-2020 11:10:39]X: 0.7979910714285716, Y: 4.736298076923077
[10-11-2020 11:10:40]X: 1.993526785714286, Y: 3.238221153846153
[10-11-2020 11:10:40]X: 1.227455357142857, Y: 5.5584134615384615
[10-11-2020 11:10:40]X: 1.9354910714285716, Y: 3.7862980769230763
[10-11-2020 11:10:40]X: 0.9372767857142856, Y: 5.5584134615384615
[10-11-2020 11:10:41]X: 1.8310267857142857, Y: 4.169951923076923
[10-11-2020 11:10:41]X: 0.9837053571428573, Y: 5.576682692307693
[10-11-2020 11:10:41]X: 1.5756696428571428, Y: 4.736298076923077
[10-11-2020 11:10:43]
Level: INFO
InvolvedClass: SiemensPLCThread
Log: IPAddress: 192.168.1.5, Rack: 0, Slot: 0
Message: Cannot connect to Siemens PLC

[10-11-2020 11:11:01]
Level: INFO
InvolvedClass: SiemensPLCThread
Log: IPAddress: 192.168.1.5, Rack: 0, Slot: 0
Message: Cannot connect to Siemens PLC

[10-11-2020 11:11:06]X: 1.1345982142857143, Y: 7.367067307692308
[10-11-2020 11:11:09]X: 3.6997767857142856, Y: 3.4574519230769223
[10-11-2020 11:14:34]X: 0.2292410714285715, Y: 7.1112980769230765
[10-11-2020 11:14:34]X: 2.9104910714285714, Y: 3.8411057692307695
[10-11-2020 11:14:36]X: 3.4676339285714284, Y: 3.0920673076923073
[10-11-2020 11:14:36]X: 1.8658482142857142, Y: 5.503605769230769
[10-11-2020 11:14:37]X: 0.8444196428571429, Y: 6.7824519230769225
[10-11-2020 11:14:37]X: 2.980133928571429, Y: 3.8959134615384614
[10-11-2020 11:14:37]X: 3.5837053571428568, Y: 2.9093749999999994
[10-11-2020 11:14:38]X: 2.469419642857143, Y: 5.010336538461538
[10-11-2020 11:14:38]X: 1.9587053571428572, Y: 5.832451923076923
[10-11-2020 11:14:38]X: 2.759598214285714, Y: 5.284375
[10-11-2020 11:14:39]X: 2.968526785714286, Y: 5.010336538461538
[10-11-2020 11:14:40]X: 3.2703125, Y: 4.718028846153846
[10-11-2020 11:14:44]
Level: INFO
InvolvedClass: SiemensPLCThread
Log: IPAddress: 192.168.1.5, Rack: 0, Slot: 0
Message: Cannot connect to Siemens PLC

[10-11-2020 11:14:59]
Level: INFO
InvolvedClass: SiemensPLCThread
Log: IPAddress: 192.168.1.5, Rack: 0, Slot: 0
Message: Cannot connect to Siemens PLC

[10-11-2020 11:15:08]X: 1.2970982142857144, Y: 4.8641826923076925
[10-11-2020 11:15:14]
Level: INFO
InvolvedClass: SiemensPLCThread
Log: IPAddress: 192.168.1.5, Rack: 0, Slot: 0
Message: Cannot connect to Siemens PLC

[10-11-2020 11:15:29]
Level: INFO
InvolvedClass: SiemensPLCThread
Log: IPAddress: 192.168.1.5, Rack: 0, Slot: 0
Message: Cannot connect to Siemens PLC

[10-11-2020 11:15:44]
Level: INFO
InvolvedClass: SiemensPLCThread
Log: IPAddress: 192.168.1.5, Rack: 0, Slot: 0
Message: Cannot connect to Siemens PLC

[10-11-2020 11:15:59]
Level: INFO
InvolvedClass: SiemensPLCThread
Log: IPAddress: 192.168.1.5, Rack: 0, Slot: 0
Message: Cannot connect to Siemens PLC

[10-11-2020 11:16:43]X: 1.4363839285714286, Y: 7.4766826923076914
[10-11-2020 11:16:43]X: 3.223883928571429, Y: 4.827644230769231
[10-11-2020 11:16:44]X: 1.1113839285714286, Y: 6.362259615384616
[10-11-2020 11:16:45]X: 2.225669642857143, Y: 5.686298076923077
[10-11-2020 11:16:46]X: 3.804241071428572, Y: 3.4757211538461537
[10-11-2020 11:16:48]X: 2.0167410714285716, Y: 6.106490384615384
[10-11-2020 11:16:48]X: 3.6185267857142858, Y: 3.658413461538462
[10-11-2020 11:17:30]X: 1.6104910714285714, Y: 6.197836538461538
[10-11-2020 11:17:30]X: 2.747991071428572, Y: 3.9324519230769233
[10-11-2020 11:17:31]X: 0.5658482142857144, Y: 6.2526442307692305
[10-11-2020 11:17:32]X: 4.303348214285715, Y: 4.060336538461539
[10-11-2020 11:17:32]X: 1.0765624999999999, Y: 6.581490384615385
[10-11-2020 11:17:33]X: 2.8640625, Y: 4.297836538461539
[10-11-2020 11:17:33]X: 0.9024553571428571, Y: 6.581490384615385
[10-11-2020 11:17:33]X: 2.8060267857142858, Y: 2.9641826923076913
[10-11-2020 11:17:34]X: 1.1578125000000001, Y: 6.709375
[10-11-2020 11:17:34]X: 3.8506696428571434, Y: 2.416105769230768
[10-11-2020 11:17:35]X: 1.227455357142857, Y: 6.709375
[10-11-2020 11:17:35]X: 3.630133928571429, Y: 3.658413461538462
[10-11-2020 11:18:06]X: 1.5408482142857143, Y: 6.161298076923077
[10-11-2020 11:18:07]X: 4.396205357142858, Y: 3.0920673076923073
[10-11-2020 11:18:08]X: 1.088169642857143, Y: 2.9459134615384617
[10-11-2020 11:18:09]X: 4.152455357142858, Y: 5.814182692307692
[10-11-2020 11:18:09]X: 1.9703125, Y: 7.1112980769230765
[10-11-2020 11:18:10]X: 3.4328125000000003, Y: 3.7497596153846158
[10-11-2020 11:18:10]X: 1.6453125000000002, Y: 6.837259615384615
[10-11-2020 11:18:10]X: 2.747991071428572, Y: 4.553605769230769
[10-11-2020 11:18:43]X: 1.819419642857143, Y: 5.795913461538461
[10-11-2020 11:18:44]X: 3.6881696428571433, Y: 3.658413461538462
[10-11-2020 11:18:45]X: 1.2390625000000002, Y: 6.5449519230769235
[10-11-2020 11:18:45]X: 4.314955357142858, Y: 6.563221153846153
[10-11-2020 11:18:46]X: 2.1676339285714286, Y: 5.668028846153846
[10-11-2020 11:18:46]X: 3.374776785714286, Y: 0.8814903846153838
[10-11-2020 11:18:47]X: 2.794419642857143, Y: 6.307451923076924
[10-11-2020 11:18:47]X: 5.057812500000001, Y: 2.324759615384614
[10-11-2020 11:20:05]X: 1.4363839285714286, Y: 6.4170673076923075
[10-11-2020 11:20:21]X: 4.593526785714286, Y: 2.1968749999999995
[10-11-2020 11:20:24]X: 4.047991071428572, Y: 2.45264423076923
[10-11-2020 11:20:41]X: 1.7265625, Y: 5.8507211538461545
[10-11-2020 11:20:41]
Level: INFO
InvolvedClass: SiemensPLCThread
Log: IPAddress: 192.168.1.5, Rack: 0, Slot: 0
Message: Cannot connect to Siemens PLC

[10-11-2020 11:21:40]X: 1.1694196428571428, Y: 6.2526442307692305
[10-11-2020 11:21:40]X: 3.386383928571429, Y: 3.0920673076923073
[10-11-2020 11:21:42]X: 0.6587053571428572, Y: 2.3795673076923074
[10-11-2020 11:21:42]X: 3.978348214285715, Y: 5.594951923076923
[10-11-2020 11:21:43]X: 1.1462053571428572, Y: 6.928605769230768
[10-11-2020 11:21:43]X: 4.9765625, Y: 1.6122596153846145
[10-11-2020 11:21:44]X: 4.558705357142858, Y: 1.5939903846153836
[10-11-2020 11:21:44]X: 1.4712053571428574, Y: 7.275721153846154
[10-11-2020 11:21:45]X: 4.059598214285715, Y: 6.453605769230769
[10-11-2020 11:21:45]X: 5.371205357142858, Y: 4.133413461538462
[10-11-2020 11:21:45]X: 5.231919642857143, Y: 3.731490384615385
[10-11-2020 11:21:46]X: 3.1426339285714286, Y: 4.6997596153846155
[10-11-2020 11:21:46]X: 2.1328125, Y: 5.339182692307692
[10-11-2020 11:21:46]X: 2.039955357142857, Y: 5.9237980769230765
[10-11-2020 11:24:09]X: 2.3075723830734964, Y: 7.854430379746835
[10-11-2020 11:24:10]X: 4.565924276169265, Y: 3.2215189873417724
[10-11-2020 11:24:11]X: 1.1957683741648106, Y: 6.259493670886076
[10-11-2020 11:24:12]X: 2.365478841870824, Y: 3.1455696202531644
[10-11-2020 11:24:12]X: 1.7748329621380845, Y: 2.7911392405063293
[10-11-2020 11:24:12]X: 3.338307349665924, Y: 5.272151898734177
[10-11-2020 11:24:13]X: 2.9213808463251665, Y: 7.803797468354431
[10-11-2020 11:24:13]X: 2.052783964365256, Y: 8.082278481012658
[10-11-2020 11:24:15]X: 3.3962138084632514, Y: 3.348101265822785
[10-11-2020 11:24:15]X: 1.9485523385300667, Y: 6.006329113924051
[10-11-2020 11:24:16]X: 4.612249443207127, Y: 1.272151898734177
[10-11-2020 11:24:16]X: 0.9757238307349666, Y: 7.29746835443038
[10-11-2020 11:24:17]X: 0.5703786191536748, Y: 9.474683544303796
[10-11-2020 11:24:18]X: 5.202895322939867, Y: 0.6139240506329107
[10-11-2020 11:24:18]X: 5.550334075723831, Y: 0.8417721518987331
[10-11-2020 11:24:19]X: 0.9409799554565701, Y: 9.069620253164556
[10-11-2020 11:24:21]
Level: INFO
InvolvedClass: SiemensPLCThread
Log: IPAddress: 192.168.1.5, Rack: 0, Slot: 0
Message: Cannot connect to Siemens PLC

[10-11-2020 11:25:07]X: 2.1570155902004453, Y: 6.462025316455695
[10-11-2020 11:25:07]X: 4.287973273942094, Y: 2.917721518987342
[10-11-2020 11:25:09]X: 3.048775055679287, Y: 4.613924050632911
[10-11-2020 11:25:09]X: 1.9485523385300667, Y: 6.487341772151899
[10-11-2020 11:25:10]X: 3.2340757238307347, Y: 2.613924050632911
[10-11-2020 11:25:10]X: 1.3, Y: 5.575949367088608
[10-11-2020 11:25:11]X: 4.287973273942094, Y: 4.537974683544304
[10-11-2020 11:25:11]X: 2.1570155902004453, Y: 8.10759493670886
[10-11-2020 11:25:12]X: 5.422939866369711, Y: 3.6265822784810124
[10-11-2020 11:25:13]X: 1.5432071269487748, Y: 8.664556962025316
[10-11-2020 11:25:14]X: 3.894209354120267, Y: 1.4240506329113924
[10-11-2020 11:25:16]X: 0.9988864142538975, Y: 9.575949367088608
[10-11-2020 11:25:17]
Level: INFO
InvolvedClass: SiemensPLCThread
Log: IPAddress: 192.168.1.5, Rack: 0, Slot: 0
Message: Cannot connect to Siemens PLC

[10-11-2020 11:25:32]
Level: INFO
InvolvedClass: SiemensPLCThread
Log: IPAddress: 192.168.1.5, Rack: 0, Slot: 0
Message: Cannot connect to Siemens PLC

[10-11-2020 11:25:34]X: 0.3966592427616926, Y: 7.348101265822784
[10-11-2020 11:25:35]X: 4.044766146993319, Y: 1.3734177215189867
[10-11-2020 11:25:36]X: 4.09109131403118, Y: 1.7025316455696187
[10-11-2020 11:25:37]X: 0.8367483296213809, Y: 9.677215189873417
[10-11-2020 11:25:47]
Level: INFO
InvolvedClass: SiemensPLCThread
Log: IPAddress: 192.168.1.5, Rack: 0, Slot: 0
Message: Cannot connect to Siemens PLC

[10-11-2020 11:26:32]X: 4.751224944320713, Y: 2.7151898734177218
[10-11-2020 11:26:34]X: 1.7748329621380845, Y: 6.234177215189873
[10-11-2020 11:26:35]X: 5.017594654788419, Y: 1.9303797468354438
[10-11-2020 11:26:37]X: 1.647438752783964, Y: 5.018987341772151
[10-11-2020 11:27:14]X: 5.758797327394209, Y: 1.6518987341772147
[10-11-2020 11:27:15]X: 2.4002227171492203, Y: 4.613924050632911
[10-11-2020 11:27:16]X: 4.392204899777283, Y: 2.7151898734177218
[10-11-2020 11:27:16]X: 2.5276169265033404, Y: 5.1455696202531644
[10-11-2020 11:27:17]X: 4.241648106904232, Y: 2.6898734177215187
[10-11-2020 11:27:18]X: 2.295991091314031, Y: 6.310126582278481
[10-11-2020 11:27:18]X: 3.338307349665924, Y: 3.677215189873418
[10-11-2020 11:27:18]X: 1.91380846325167, Y: 7.29746835443038
[10-11-2020 11:27:19]X: 3.47728285077951, Y: 3.677215189873418
[10-11-2020 11:27:19]X: 2.3307349665924275, Y: 5.8544303797468356
[10-11-2020 11:27:19]X: 3.697327394209354, Y: 3.5506329113924053
[10-11-2020 11:27:19]X: 2.5391982182628063, Y: 5.044303797468355
[10-11-2020 11:27:20]X: 4.728062360801782, Y: 4.132911392405063
[10-11-2020 11:27:20]X: 2.9097995545657014, Y: 5.246835443037975
[10-11-2020 11:27:20]X: 4.600668151447661, Y: 4.8164556962025316
[10-11-2020 11:27:20]X: 3.998440979955457, Y: 3.3227848101265822
[10-11-2020 11:27:21]X: 2.319153674832962, Y: 6.613924050632911
[10-11-2020 11:27:21]X: 2.9329621380846325, Y: 5.069620253164557
[10-11-2020 11:27:21]X: 4.264810690423163, Y: 3.6012658227848102
[10-11-2020 11:28:07]X: 0.9062360801781737, Y: 7.246835443037974
[10-11-2020 11:28:07]X: 3.847884187082405, Y: 3.3987341772151898
[10-11-2020 11:28:08]X: 3.847884187082405, Y: 3.3987341772151898
[10-11-2020 11:28:08]X: 0.5819599109131403, Y: 7.221518987341772
[10-11-2020 11:28:09]X: 3.187750556792873, Y: 3.120253164556962
[10-11-2020 11:28:10]X: 1.3, Y: 7.0696202531645564
[10-11-2020 11:28:10]X: 0.9525612472160357, Y: 5.2974683544303796
[10-11-2020 11:28:12]X: 1.9601336302895322, Y: 2.613924050632911
[10-11-2020 11:28:13]X: 2.3770601336302892, Y: 1.8037974683544302
[10-11-2020 11:28:13]X: 3.071937639198218, Y: 1.0949367088607584
[10-11-2020 11:28:14]X: 0.03763919821826282, Y: 5.5
[10-11-2020 11:28:15]X: 3.268819599109131, Y: 0.487341772151898
[10-11-2020 11:29:49]X: 0.7325167037861915, Y: 7.4746835443037964
[10-11-2020 11:29:50]X: 4.067928730512249, Y: 3.753164556962025
[10-11-2020 11:29:51]X: 3.7320712694877507, Y: 4.006329113924051
[10-11-2020 11:29:51]X: 1.3694877505567926, Y: 6.79113924050633
[10-11-2020 11:29:53]X: 3.6162583518930953, Y: 3.677215189873418
[10-11-2020 11:29:54]X: 2.8171492204899775, Y: 6.006329113924051
[10-11-2020 11:29:55]X: 3.8710467706013367, Y: 1.3481012658227838
[10-11-2020 11:29:55]X: 1.7748329621380845, Y: 6.512658227848101
[10-11-2020 11:29:56]X: 4.797550111358575, Y: 4.158227848101266
[10-11-2020 11:29:57]X: 1.647438752783964, Y: 8.056962025316455
[10-11-2020 11:29:58]
Level: INFO
InvolvedClass: SiemensPLCThread
Log: IPAddress: 192.168.1.5, Rack: 0, Slot: 0
Message: Cannot connect to Siemens PLC

[10-11-2020 11:29:58]X: 1.8443207126948775, Y: 7.221518987341772
[10-11-2020 11:29:58]X: 3.303563474387528, Y: 3.3227848101265822
[10-11-2020 11:30:13]
Level: INFO
InvolvedClass: SiemensPLCThread
Log: IPAddress: 192.168.1.5, Rack: 0, Slot: 0
Message: Cannot connect to Siemens PLC

[10-11-2020 11:32:50]X: 2.7592427616926503, Y: 3.3987341772151898
[10-11-2020 11:32:53]X: 2.8634743875278392, Y: 2.7151898734177218
[10-11-2020 11:32:54]X: 1.6821826280623606, Y: 5.3734177215189876
[10-11-2020 11:32:54]X: 2.4349665924276165, Y: 4.7405063291139244
[10-11-2020 11:32:55]X: 4.253229398663697, Y: 2.8417721518987342
[10-11-2020 11:32:55]X: 3.9173719376391984, Y: 5.525316455696202
[10-11-2020 11:32:56]X: 2.2380846325167036, Y: 7.424050632911393
[10-11-2020 11:32:56]X: 3.7436525612472162, Y: 6.968354430379746
[10-11-2020 11:32:57]X: 3.4541202672605786, Y: 5.7025316455696204
[10-11-2020 11:32:57]X: 3.0256124721603563, Y: 4.6645569620253164
[10-11-2020 11:32:58]X: 2.099109131403118, Y: 6.1835443037974684
[10-11-2020 11:32:59]X: 3.2804008908685964, Y: 3.8037974683544307
[10-11-2020 11:36:34]X: 0.8714922048997772, Y: 7.550632911392405
[10-11-2020 11:36:36]X: 4.9133630289532295, Y: 2.6392405063291138
[10-11-2020 11:36:38]X: 0.6514476614699333, Y: 9.39873417721519
[10-11-2020 11:36:39]X: 1.936971046770601, Y: 2.0316455696202538
[10-11-2020 11:36:40]X: 5.712472160356348, Y: 8.68987341772152
[10-11-2020 11:36:46]
Level: INFO
InvolvedClass: SiemensPLCThread
Log: IPAddress: 192.168.1.5, Rack: 0, Slot: 0
Message: Cannot connect to Siemens PLC

[10-11-2020 11:36:54]X: 2.5739420935412025, Y: 1.246835443037974
[10-11-2020 11:36:56]X: 0.9062360801781737, Y: 7.7025316455696204
[10-11-2020 11:36:58]X: 0.964142538975501, Y: 7.39873417721519
[10-11-2020 11:36:58]X: 1.161024498886414, Y: 6.917721518987342
[10-11-2020 11:36:59]X: 1.161024498886414, Y: 6.537974683544304
[10-11-2020 11:37:00]X: 1.161024498886414, Y: 5.6265822784810124
[10-11-2020 11:37:00]X: 1.5316258351893093, Y: 5.094936708860759
[10-11-2020 11:37:01]
Level: INFO
InvolvedClass: SiemensPLCThread
Log: IPAddress: 192.168.1.5, Rack: 0, Slot: 0
Message: Cannot connect to Siemens PLC

[10-11-2020 11:37:01]X: 1.7285077951002228, Y: 5.677215189873418
[10-11-2020 11:37:01]X: 2.2149220489977726, Y: 6.234177215189873
[10-11-2020 11:37:02]X: 2.4581291759465476, Y: 5.322784810126582
[10-11-2020 11:37:02]X: 2.3770601336302892, Y: 4.284810126582278
[10-11-2020 11:37:03]X: 2.0180400890868597, Y: 3.9556962025316453
[10-11-2020 11:37:03]X: 1.6590200445434298, Y: 4.5126582278481004
[10-11-2020 11:37:03]X: 1.6126948775055678, Y: 5.3734177215189876
[10-11-2020 11:37:04]X: 2.1338530066815147, Y: 6.689873417721519
[10-11-2020 11:37:04]X: 2.828730512249443, Y: 6.6645569620253164
[10-11-2020 11:37:04]X: 3.9405345211581295, Y: 3.4999999999999996
[10-11-2020 11:37:05]X: 2.562360801781737, Y: 3.424050632911393
[10-11-2020 11:37:05]X: 2.365478841870824, Y: 4.613924050632911
[10-11-2020 11:37:05]X: 2.1222717149220487, Y: 5.550632911392405
[10-11-2020 11:37:06]X: 1.7632516703786187, Y: 6.512658227848101
[10-11-2020 11:37:06]X: 1.357906458797327, Y: 7.19620253164557
[10-11-2020 11:37:06]X: 0.8830734966592428, Y: 7.955696202531645
[10-11-2020 11:37:07]X: 1.42739420935412, Y: 7.905063291139241
[10-11-2020 11:37:07]X: 2.203340757238307, Y: 5.7784810126582276
[10-11-2020 11:37:07]X: 3.2804008908685964, Y: 4.006329113924051
[10-11-2020 11:37:08]X: 4.785968819599109, Y: 2.2088607594936702
[10-11-2020 11:37:08]X: 5.214476614699333, Y: 1.7278481012658216
[10-11-2020 11:37:09]X: 3.071937639198218, Y: 6.056962025316456
[10-11-2020 11:37:09]X: 5.249220489977728, Y: 2.0063291139240507
[10-11-2020 11:37:10]X: 1.6937639198218262, Y: 6.765822784810126
[10-11-2020 11:37:10]X: 4.693318485523386, Y: 1.8544303797468342
[10-11-2020 11:37:10]X: 1.3, Y: 6.563291139240506
[10-11-2020 11:37:11]X: 4.623830734966592, Y: 3.0949367088607596
[10-11-2020 11:37:11]X: 1.323162583518931, Y: 7.727848101265822
[10-11-2020 11:37:11]X: 4.461692650334077, Y: 2.943037974683544
[10-11-2020 11:37:12]X: 1.161024498886414, Y: 7.9303797468354436
[10-11-2020 11:37:12]X: 4.589086859688196, Y: 3.018987341772152
[10-11-2020 11:37:13]X: 1.936971046770601, Y: 7.5
[10-11-2020 11:37:14]X: 1.6011135857461023, Y: 7.424050632911393
[10-11-2020 11:37:14]X: 4.6701559020044545, Y: 1.6772151898734176
[10-11-2020 11:37:14]X: 1.8790645879732737, Y: 7.094936708860759
[10-11-2020 11:37:15]X: 4.09109131403118, Y: 2.4113924050632916
[10-11-2020 11:37:16]
Level: INFO
InvolvedClass: SiemensPLCThread
Log: IPAddress: 192.168.1.5, Rack: 0, Slot: 0
Message: Cannot connect to Siemens PLC

[10-11-2020 11:39:54]X: 2.4581291759465476, Y: 4.132911392405063
[10-11-2020 11:40:03]
Level: INFO
InvolvedClass: SiemensPLCThread
Log: IPAddress: 192.168.1.5, Rack: 0, Slot: 0
Message: Cannot connect to Siemens PLC

[10-11-2020 11:40:18]
Level: INFO
InvolvedClass: SiemensPLCThread
Log: IPAddress: 192.168.1.5, Rack: 0, Slot: 0
Message: Cannot connect to Siemens PLC

[10-11-2020 11:40:33]
Level: INFO
InvolvedClass: SiemensPLCThread
Log: IPAddress: 192.168.1.5, Rack: 0, Slot: 0
Message: Cannot connect to Siemens PLC

[10-11-2020 11:40:48]
Level: INFO
InvolvedClass: SiemensPLCThread
Log: IPAddress: 192.168.1.5, Rack: 0, Slot: 0
Message: Cannot connect to Siemens PLC

[10-11-2020 11:41:03]
Level: INFO
InvolvedClass: SiemensPLCThread
Log: IPAddress: 192.168.1.5, Rack: 0, Slot: 0
Message: Cannot connect to Siemens PLC

[10-11-2020 11:48:39]X: 1.7053452115812915, Y: 6.867088607594936
[10-11-2020 11:48:46]X: 4.5543429844098, Y: 2.5379746835443044
[10-11-2020 11:48:50]
Level: INFO
InvolvedClass: SiemensPLCThread
Log: IPAddress: 192.168.1.5, Rack: 0, Slot: 0
Message: Cannot connect to Siemens PLC

[10-11-2020 11:48:51]X: 1.0220489977728284, Y: 7.829113924050633
[10-11-2020 11:51:40]X: 2.203340757238307, Y: 6.8164556962025316
[10-11-2020 11:51:44]X: 1.6821826280623606, Y: 7.5
[10-11-2020 11:51:49]X: 4.542761692650334, Y: 2.7658227848101267
[10-11-2020 11:51:50]
Level: INFO
InvolvedClass: SiemensPLCThread
Log: IPAddress: 192.168.1.5, Rack: 0, Slot: 0
Message: Cannot connect to Siemens PLC

[10-11-2020 11:52:05]
Level: INFO
InvolvedClass: SiemensPLCThread
Log: IPAddress: 192.168.1.5, Rack: 0, Slot: 0
Message: Cannot connect to Siemens PLC

[10-11-2020 11:52:20]
Level: INFO
InvolvedClass: SiemensPLCThread
Log: IPAddress: 192.168.1.5, Rack: 0, Slot: 0
Message: Cannot connect to Siemens PLC

[10-11-2020 11:52:35]
Level: INFO
InvolvedClass: SiemensPLCThread
Log: IPAddress: 192.168.1.5, Rack: 0, Slot: 0
Message: Cannot connect to Siemens PLC

[10-11-2020 11:52:50]
Level: INFO
InvolvedClass: SiemensPLCThread
Log: IPAddress: 192.168.1.5, Rack: 0, Slot: 0
Message: Cannot connect to Siemens PLC

[10-11-2020 11:53:05]
Level: INFO
InvolvedClass: SiemensPLCThread
Log: IPAddress: 192.168.1.5, Rack: 0, Slot: 0
Message: Cannot connect to Siemens PLC

[10-11-2020 11:53:08]X: 2.7013363028953226, Y: 9.29746835443038
[10-11-2020 11:53:10]X: 1.716926503340757, Y: 8.664556962025316
[10-11-2020 11:53:20]
Level: INFO
InvolvedClass: SiemensPLCThread
Log: IPAddress: 192.168.1.5, Rack: 0, Slot: 0
Message: Cannot connect to Siemens PLC

[10-11-2020 11:53:35]
Level: INFO
InvolvedClass: SiemensPLCThread
Log: IPAddress: 192.168.1.5, Rack: 0, Slot: 0
Message: Cannot connect to Siemens PLC

[10-11-2020 11:53:50]
Level: INFO
InvolvedClass: SiemensPLCThread
Log: IPAddress: 192.168.1.5, Rack: 0, Slot: 0
Message: Cannot connect to Siemens PLC

[10-11-2020 11:54:05]
Level: INFO
InvolvedClass: SiemensPLCThread
Log: IPAddress: 192.168.1.5, Rack: 0, Slot: 0
Message: Cannot connect to Siemens PLC

[10-11-2020 11:54:20]
Level: INFO
InvolvedClass: SiemensPLCThread
Log: IPAddress: 192.168.1.5, Rack: 0, Slot: 0
Message: Cannot connect to Siemens PLC

[10-11-2020 11:54:35]
Level: INFO
InvolvedClass: SiemensPLCThread
Log: IPAddress: 192.168.1.5, Rack: 0, Slot: 0
Message: Cannot connect to Siemens PLC

[10-11-2020 11:54:50]
Level: INFO
InvolvedClass: SiemensPLCThread
Log: IPAddress: 192.168.1.5, Rack: 0, Slot: 0
Message: Cannot connect to Siemens PLC

[10-11-2020 11:55:05]
Level: INFO
InvolvedClass: SiemensPLCThread
Log: IPAddress: 192.168.1.5, Rack: 0, Slot: 0
Message: Cannot connect to Siemens PLC

[10-11-2020 11:55:20]
Level: INFO
InvolvedClass: SiemensPLCThread
Log: IPAddress: 192.168.1.5, Rack: 0, Slot: 0
Message: Cannot connect to Siemens PLC

[10-11-2020 11:55:35]
Level: INFO
InvolvedClass: SiemensPLCThread
Log: IPAddress: 192.168.1.5, Rack: 0, Slot: 0
Message: Cannot connect to Siemens PLC

[10-11-2020 11:55:39]X: 1.3810690423162584, Y: 8.639240506329113
[10-11-2020 11:55:47]X: 0.9873051224944318, Y: 7.651898734177215
[10-11-2020 11:55:50]
Level: INFO
InvolvedClass: SiemensPLCThread
Log: IPAddress: 192.168.1.5, Rack: 0, Slot: 0
Message: Cannot connect to Siemens PLC

[10-11-2020 11:56:05]
Level: INFO
InvolvedClass: SiemensPLCThread
Log: IPAddress: 192.168.1.5, Rack: 0, Slot: 0
Message: Cannot connect to Siemens PLC

[10-11-2020 11:56:12]X: 0.47772828507795106, Y: 8.740506329113924
[10-11-2020 11:56:20]
Level: INFO
InvolvedClass: SiemensPLCThread
Log: IPAddress: 192.168.1.5, Rack: 0, Slot: 0
Message: Cannot connect to Siemens PLC

[10-11-2020 11:56:35]
Level: INFO
InvolvedClass: SiemensPLCThread
Log: IPAddress: 192.168.1.5, Rack: 0, Slot: 0
Message: Cannot connect to Siemens PLC

[10-11-2020 11:56:50]
Level: INFO
InvolvedClass: SiemensPLCThread
Log: IPAddress: 192.168.1.5, Rack: 0, Slot: 0
Message: Cannot connect to Siemens PLC

[10-11-2020 11:57:05]
Level: INFO
InvolvedClass: SiemensPLCThread
Log: IPAddress: 192.168.1.5, Rack: 0, Slot: 0
Message: Cannot connect to Siemens PLC

[10-11-2020 11:57:20]
Level: INFO
InvolvedClass: SiemensPLCThread
Log: IPAddress: 192.168.1.5, Rack: 0, Slot: 0
Message: Cannot connect to Siemens PLC

[10-11-2020 11:57:35]
Level: INFO
InvolvedClass: SiemensPLCThread
Log: IPAddress: 192.168.1.5, Rack: 0, Slot: 0
Message: Cannot connect to Siemens PLC

[10-11-2020 11:57:58]X: 1.2073496659242762, Y: 6.512658227848101
[10-11-2020 11:58:04]X: 0.026057906458797388, Y: 7.525316455696203
[10-11-2020 11:58:08]X: 0.026057906458797388, Y: 7.525316455696203
[10-11-2020 11:58:09]
Level: INFO
InvolvedClass: SiemensPLCThread
Log: IPAddress: 192.168.1.5, Rack: 0, Slot: 0
Message: Cannot connect to Siemens PLC

[10-11-2020 11:58:24]
Level: INFO
InvolvedClass: SiemensPLCThread
Log: IPAddress: 192.168.1.5, Rack: 0, Slot: 0
Message: Cannot connect to Siemens PLC

