[10-11-2020 02:02:37]
Level: INFO
InvolvedClass: SiemensPLCThread
Log: IPAddress: 192.168.1.5, Rack: 0, Slot: 0
Message: Cannot connect to Siemens PLC

[10-11-2020 02:03:10]X: 1.9122767857142855, Y: 7.586298076923076
[10-11-2020 02:03:21]
Level: INFO
InvolvedClass: SiemensPLCThread
Log: IPAddress: 192.168.1.5, Rack: 0, Slot: 0
Message: Cannot connect to Siemens PLC

[10-11-2020 02:03:36]
Level: INFO
InvolvedClass: SiemensPLCThread
Log: IPAddress: 192.168.1.5, Rack: 0, Slot: 0
Message: Cannot connect to Siemens PLC

[10-11-2020 02:03:51]
Level: INFO
InvolvedClass: SiemensPLCThread
Log: IPAddress: 192.168.1.5, Rack: 0, Slot: 0
Message: Cannot connect to Siemens PLC

[10-11-2020 02:04:06]
Level: INFO
InvolvedClass: SiemensPLCThread
Log: IPAddress: 192.168.1.5, Rack: 0, Slot: 0
Message: Cannot connect to Siemens PLC

[10-11-2020 02:04:21]
Level: INFO
InvolvedClass: SiemensPLCThread
Log: IPAddress: 192.168.1.5, Rack: 0, Slot: 0
Message: Cannot connect to Siemens PLC

[10-11-2020 02:04:36]
Level: INFO
InvolvedClass: SiemensPLCThread
Log: IPAddress: 192.168.1.5, Rack: 0, Slot: 0
Message: Cannot connect to Siemens PLC

[10-11-2020 02:04:51]
Level: INFO
InvolvedClass: SiemensPLCThread
Log: IPAddress: 192.168.1.5, Rack: 0, Slot: 0
Message: Cannot connect to Siemens PLC

[10-11-2020 02:05:06]
Level: INFO
InvolvedClass: SiemensPLCThread
Log: IPAddress: 192.168.1.5, Rack: 0, Slot: 0
Message: Cannot connect to Siemens PLC

[10-11-2020 02:05:34]X: 1.3667410714285713, Y: 7.2391826923076925
[10-11-2020 02:05:44]
Level: INFO
InvolvedClass: SiemensPLCThread
Log: IPAddress: 192.168.1.5, Rack: 0, Slot: 0
Message: Cannot connect to Siemens PLC

[10-11-2020 02:06:14]X: 1.5872767857142858, Y: 7.330528846153846
[10-11-2020 02:06:16]X: 4.303348214285715, Y: 3.512259615384614
[10-11-2020 02:06:17]X: 2.0167410714285716, Y: 6.709375
[10-11-2020 02:06:17]X: 1.4595982142857142, Y: 7.0747596153846155
[10-11-2020 02:06:18]X: 4.222098214285714, Y: 3.6218749999999993
[10-11-2020 02:06:19]X: 2.353348214285714, Y: 6.270913461538462
[10-11-2020 02:06:19]X: 2.9917410714285713, Y: 5.0286057692307695
[10-11-2020 02:07:21]X: 1.6685267857142858, Y: 7.16610576923077
[10-11-2020 02:07:22]X: 1.8542410714285713, Y: 6.270913461538462
[10-11-2020 02:07:23]X: 4.152455357142858, Y: 4.078605769230769
[10-11-2020 02:07:24]X: 1.7381696428571427, Y: 6.307451923076924
[10-11-2020 02:07:25]X: 1.7845982142857144, Y: 7.019951923076922
[10-11-2020 02:07:25]X: 1.8426339285714286, Y: 7.513221153846153
[10-11-2020 02:07:25]X: 1.9122767857142855, Y: 7.896875
[10-11-2020 02:07:26]X: 2.341741071428572, Y: 7.586298076923076
[10-11-2020 02:07:26]X: 2.364955357142857, Y: 7.421875
[10-11-2020 02:07:27]X: 2.341741071428572, Y: 6.161298076923077
[10-11-2020 02:07:27]X: 2.2953125, Y: 5.576682692307693
[10-11-2020 02:07:27]X: 2.2720982142857142, Y: 5.119951923076924
[10-11-2020 02:07:27]X: 2.2372767857142857, Y: 4.443990384615384
[10-11-2020 02:07:27]X: 2.2372767857142857, Y: 4.060336538461539
[10-11-2020 02:07:28]X: 2.1212053571428573, Y: 3.238221153846153
[10-11-2020 02:07:28]X: 2.063169642857143, Y: 7.1112980769230765
[10-11-2020 02:07:29]X: 2.7247767857142855, Y: 4.809375
[10-11-2020 02:07:29]X: 2.713169642857143, Y: 4.79110576923077
[10-11-2020 02:07:29]X: 2.7015625, Y: 4.79110576923077
[10-11-2020 02:07:30]X: 1.2390625000000002, Y: 6.325721153846153
[10-11-2020 02:07:30]X: 0.5774553571428572, Y: 7.714182692307692
[10-11-2020 02:09:19]X: 1.900669642857143, Y: 7.4401442307692305
[10-11-2020 02:09:20]X: 4.314955357142858, Y: 3.7862980769230763
[10-11-2020 02:09:21]X: 1.0417410714285718, Y: 7.184375
[10-11-2020 02:09:22]X: 1.227455357142857, Y: 7.093028846153847
[10-11-2020 02:09:22]X: 1.3203125, Y: 6.599759615384615
[10-11-2020 02:09:23]X: 1.7381696428571427, Y: 6.818990384615385
[10-11-2020 02:09:23]X: 0.26406250000000003, Y: 8.664182692307692
[10-11-2020 02:09:24]X: 0.9372767857142856, Y: 7.549759615384616
[10-11-2020 02:09:25]X: 1.4828124999999999, Y: 6.745913461538461
[10-11-2020 02:09:25]X: 3.630133928571429, Y: 4.2064903846153845
[10-11-2020 02:09:26]X: 3.641741071428571, Y: 4.169951923076923
[10-11-2020 02:09:26]X: 3.722991071428572, Y: 4.115144230769231
[10-11-2020 02:09:26]X: 3.6881696428571433, Y: 4.316105769230769
[10-11-2020 02:09:26]X: 2.6667410714285715, Y: 5.503605769230769
[10-11-2020 02:09:27]X: 2.5738839285714286, Y: 5.631490384615384
[10-11-2020 02:09:27]X: 2.469419642857143, Y: 5.777644230769231
[10-11-2020 02:09:27]X: 2.2837053571428574, Y: 5.9237980769230765
[10-11-2020 02:09:27]X: 2.225669642857143, Y: 5.960336538461538
[10-11-2020 02:09:28]X: 2.1676339285714286, Y: 6.033413461538462
[10-11-2020 02:09:30]
Level: INFO
InvolvedClass: SiemensPLCThread
Log: IPAddress: 192.168.1.5, Rack: 0, Slot: 0
Message: Cannot connect to Siemens PLC

[10-11-2020 02:09:33]X: 2.4926339285714283, Y: 6.01514423076923
[10-11-2020 02:09:33]X: 2.2372767857142857, Y: 6.343990384615385
[10-11-2020 02:09:45]
Level: INFO
InvolvedClass: SiemensPLCThread
Log: IPAddress: 192.168.1.5, Rack: 0, Slot: 0
Message: Cannot connect to Siemens PLC

[10-11-2020 02:10:00]
Level: INFO
InvolvedClass: SiemensPLCThread
Log: IPAddress: 192.168.1.5, Rack: 0, Slot: 0
Message: Cannot connect to Siemens PLC

[10-11-2020 02:10:15]
Level: INFO
InvolvedClass: SiemensPLCThread
Log: IPAddress: 192.168.1.5, Rack: 0, Slot: 0
Message: Cannot connect to Siemens PLC

[10-11-2020 02:10:30]
Level: INFO
InvolvedClass: SiemensPLCThread
Log: IPAddress: 192.168.1.5, Rack: 0, Slot: 0
Message: Cannot connect to Siemens PLC

[10-11-2020 02:10:45]
Level: INFO
InvolvedClass: SiemensPLCThread
Log: IPAddress: 192.168.1.5, Rack: 0, Slot: 0
Message: Cannot connect to Siemens PLC

[10-11-2020 02:11:00]
Level: INFO
InvolvedClass: SiemensPLCThread
Log: IPAddress: 192.168.1.5, Rack: 0, Slot: 0
Message: Cannot connect to Siemens PLC

[10-11-2020 02:11:15]
Level: INFO
InvolvedClass: SiemensPLCThread
Log: IPAddress: 192.168.1.5, Rack: 0, Slot: 0
Message: Cannot connect to Siemens PLC

[10-11-2020 02:11:30]
Level: INFO
InvolvedClass: SiemensPLCThread
Log: IPAddress: 192.168.1.5, Rack: 0, Slot: 0
Message: Cannot connect to Siemens PLC

[10-11-2020 02:11:45]
Level: INFO
InvolvedClass: SiemensPLCThread
Log: IPAddress: 192.168.1.5, Rack: 0, Slot: 0
Message: Cannot connect to Siemens PLC

[10-11-2020 02:12:00]
Level: INFO
InvolvedClass: SiemensPLCThread
Log: IPAddress: 192.168.1.5, Rack: 0, Slot: 0
Message: Cannot connect to Siemens PLC

[10-11-2020 02:12:25]X: 1.6685267857142858, Y: 5.704567307692308
[10-11-2020 02:12:26]X: 4.140848214285715, Y: 3.201682692307692
[10-11-2020 02:12:33]X: 1.3203125, Y: 5.686298076923077
[10-11-2020 02:12:33]X: 3.8622767857142866, Y: 3.201682692307692
[10-11-2020 02:12:33]X: 3.5488839285714286, Y: 3.6218749999999993
[10-11-2020 02:12:35]X: 4.187276785714286, Y: 3.9689903846153842
[10-11-2020 02:12:36]X: 3.038169642857143, Y: 5.010336538461538
[10-11-2020 02:12:36]
Level: INFO
InvolvedClass: SiemensPLCThread
Log: IPAddress: 192.168.1.5, Rack: 0, Slot: 0
Message: Cannot connect to Siemens PLC

[10-11-2020 02:12:36]X: 2.9917410714285713, Y: 4.992067307692308
[10-11-2020 02:12:38]X: 1.8890624999999999, Y: 4.809375
[10-11-2020 02:12:39]X: 1.993526785714286, Y: 4.845913461538462
[10-11-2020 02:12:47]X: 3.014955357142857, Y: 5.0286057692307695
[10-11-2020 02:12:49]X: 1.633705357142857, Y: 5.5584134615384615
[10-11-2020 02:15:23]X: 1.6917410714285714, Y: 5.576682692307693
[10-11-2020 02:15:33]
Level: INFO
InvolvedClass: SiemensPLCThread
Log: IPAddress: 192.168.1.5, Rack: 0, Slot: 0
Message: Cannot connect to Siemens PLC

[10-11-2020 02:15:34]X: 1.413169642857143, Y: 8.061298076923077
[10-11-2020 02:15:52]X: 1.9122767857142855, Y: 6.9103365384615385
[10-11-2020 02:15:56]
Level: INFO
InvolvedClass: SiemensPLCThread
Log: IPAddress: 192.168.1.5, Rack: 0, Slot: 0
Message: Cannot connect to Siemens PLC

[10-11-2020 02:16:16]
Level: INFO
InvolvedClass: SiemensPLCThread
Log: IPAddress: 192.168.1.5, Rack: 0, Slot: 0
Message: Cannot connect to Siemens PLC

[10-11-2020 02:16:31]
Level: INFO
InvolvedClass: SiemensPLCThread
Log: IPAddress: 192.168.1.5, Rack: 0, Slot: 0
Message: Cannot connect to Siemens PLC

[10-11-2020 02:20:11]X: 1.2854910714285714, Y: 6.563221153846153
[10-11-2020 02:20:12]X: 4.465848214285715, Y: 2.470913461538461
[10-11-2020 02:20:13]X: 0.9140625000000001, Y: 8.024759615384614
[10-11-2020 02:20:22]
Level: INFO
InvolvedClass: SiemensPLCThread
Log: IPAddress: 192.168.1.5, Rack: 0, Slot: 0
Message: Cannot connect to Siemens PLC

[10-11-2020 02:25:02]X: 1.4479910714285713, Y: 6.965144230769231
[10-11-2020 02:27:55]X: 1.1578125000000001, Y: 7.805528846153846
[10-11-2020 02:27:57]
Level: INFO
InvolvedClass: SiemensPLCThread
Log: IPAddress: 192.168.1.5, Rack: 0, Slot: 0
Message: Cannot connect to Siemens PLC

[10-11-2020 02:28:08]X: 2.7296130952380957, Y: 5.704398148148147
[10-11-2020 02:28:09]X: 3.8980654761904763, Y: 9.31087962962963
[10-11-2020 02:28:11]X: 4.911755952380953, Y: 7.217361111111111
[10-11-2020 02:28:12]
Level: INFO
InvolvedClass: SiemensPLCThread
Log: IPAddress: 192.168.1.5, Rack: 0, Slot: 0
Message: Cannot connect to Siemens PLC

[10-11-2020 02:28:12]X: 5.879017857142857, Y: 8.23773148148148
[10-11-2020 02:28:27]
Level: INFO
InvolvedClass: SiemensPLCThread
Log: IPAddress: 192.168.1.5, Rack: 0, Slot: 0
Message: Cannot connect to Siemens PLC

[10-11-2020 02:28:34]X: 3.782904411764706, Y: 9.234663341645886
[10-11-2020 02:28:36]X: 4.786580882352942, Y: 7.5099750623441395
[10-11-2020 02:28:38]X: 5.771139705882353, Y: 8.211221945137158
[10-11-2020 02:28:42]
Level: INFO
InvolvedClass: SiemensPLCThread
Log: IPAddress: 192.168.1.5, Rack: 0, Slot: 0
Message: Cannot connect to Siemens PLC

[10-11-2020 02:28:46]X: 3.7014897579143393, Y: 9.673239436619717
[10-11-2020 02:30:23]X: 2.105961251862891, Y: 6.9026595744680845
[10-11-2020 02:30:28]X: 3.8331944444444446, Y: 9.166489361702128
[10-11-2020 02:30:30]X: 4.894861111111111, Y: 7.306914893617021
[10-11-2020 02:30:31]X: 5.862638888888888, Y: 8.277127659574468
[10-11-2020 02:30:32]
Level: INFO
InvolvedClass: SiemensPLCThread
Log: IPAddress: 192.168.1.5, Rack: 0, Slot: 0
Message: Cannot connect to Siemens PLC

[10-11-2020 02:30:47]
Level: INFO
InvolvedClass: SiemensPLCThread
Log: IPAddress: 192.168.1.5, Rack: 0, Slot: 0
Message: Cannot connect to Siemens PLC

[10-11-2020 02:31:02]
Level: INFO
InvolvedClass: SiemensPLCThread
Log: IPAddress: 192.168.1.5, Rack: 0, Slot: 0
Message: Cannot connect to Siemens PLC

[10-11-2020 02:31:17]
Level: INFO
InvolvedClass: SiemensPLCThread
Log: IPAddress: 192.168.1.5, Rack: 0, Slot: 0
Message: Cannot connect to Siemens PLC

[10-11-2020 02:31:32]
Level: INFO
InvolvedClass: SiemensPLCThread
Log: IPAddress: 192.168.1.5, Rack: 0, Slot: 0
Message: Cannot connect to Siemens PLC

[10-11-2020 02:31:47]
Level: INFO
InvolvedClass: SiemensPLCThread
Log: IPAddress: 192.168.1.5, Rack: 0, Slot: 0
Message: Cannot connect to Siemens PLC

[10-11-2020 02:34:06]X: 2.0515625, Y: 6.325721153846153
[10-11-2020 02:34:17]
Level: INFO
InvolvedClass: SiemensPLCThread
Log: IPAddress: 192.168.1.5, Rack: 0, Slot: 0
Message: Cannot connect to Siemens PLC

[10-11-2020 02:34:32]
Level: INFO
InvolvedClass: SiemensPLCThread
Log: IPAddress: 192.168.1.5, Rack: 0, Slot: 0
Message: Cannot connect to Siemens PLC

[10-11-2020 02:34:47]
Level: INFO
InvolvedClass: SiemensPLCThread
Log: IPAddress: 192.168.1.5, Rack: 0, Slot: 0
Message: Cannot connect to Siemens PLC

[10-11-2020 02:35:02]
Level: INFO
InvolvedClass: SiemensPLCThread
Log: IPAddress: 192.168.1.5, Rack: 0, Slot: 0
Message: Cannot connect to Siemens PLC

[10-11-2020 02:35:35]
Level: INFO
InvolvedClass: SiemensPLCThread
Log: IPAddress: 192.168.1.5, Rack: 0, Slot: 0
Message: Cannot connect to Siemens PLC

[10-11-2020 02:35:50]
Level: INFO
InvolvedClass: SiemensPLCThread
Log: IPAddress: 192.168.1.5, Rack: 0, Slot: 0
Message: Cannot connect to Siemens PLC

[10-11-2020 02:36:05]
Level: INFO
InvolvedClass: SiemensPLCThread
Log: IPAddress: 192.168.1.5, Rack: 0, Slot: 0
Message: Cannot connect to Siemens PLC

[10-11-2020 02:36:20]
Level: INFO
InvolvedClass: SiemensPLCThread
Log: IPAddress: 192.168.1.5, Rack: 0, Slot: 0
Message: Cannot connect to Siemens PLC

[10-11-2020 02:36:35]
Level: INFO
InvolvedClass: SiemensPLCThread
Log: IPAddress: 192.168.1.5, Rack: 0, Slot: 0
Message: Cannot connect to Siemens PLC

[10-11-2020 02:36:50]
Level: INFO
InvolvedClass: SiemensPLCThread
Log: IPAddress: 192.168.1.5, Rack: 0, Slot: 0
Message: Cannot connect to Siemens PLC

[10-11-2020 02:37:05]
Level: INFO
InvolvedClass: SiemensPLCThread
Log: IPAddress: 192.168.1.5, Rack: 0, Slot: 0
Message: Cannot connect to Siemens PLC

[10-11-2020 02:37:20]
Level: INFO
InvolvedClass: SiemensPLCThread
Log: IPAddress: 192.168.1.5, Rack: 0, Slot: 0
Message: Cannot connect to Siemens PLC

[10-11-2020 02:37:35]
Level: INFO
InvolvedClass: SiemensPLCThread
Log: IPAddress: 192.168.1.5, Rack: 0, Slot: 0
Message: Cannot connect to Siemens PLC

[10-11-2020 02:37:50]
Level: INFO
InvolvedClass: SiemensPLCThread
Log: IPAddress: 192.168.1.5, Rack: 0, Slot: 0
Message: Cannot connect to Siemens PLC

[10-11-2020 02:38:06]X: 1.9703125, Y: 7.622836538461539
[10-11-2020 02:38:08]X: 3.8158482142857144, Y: 9.267067307692308
[10-11-2020 02:38:09]X: 4.663169642857143, Y: 7.641105769230769
[10-11-2020 02:38:11]X: 5.858705357142858, Y: 8.170913461538461
[10-11-2020 02:38:16]
Level: INFO
InvolvedClass: SiemensPLCThread
Log: IPAddress: 192.168.1.5, Rack: 0, Slot: 0
Message: Cannot connect to Siemens PLC

[10-11-2020 02:38:32]
Level: INFO
InvolvedClass: SiemensPLCThread
Log: IPAddress: 192.168.1.5, Rack: 0, Slot: 0
Message: Cannot connect to Siemens PLC

[10-11-2020 02:38:38]X: 0.9880000000000001, Y: 1.460714285714285
[10-11-2020 02:38:47]
Level: INFO
InvolvedClass: SiemensPLCThread
Log: IPAddress: 192.168.1.5, Rack: 0, Slot: 0
Message: Cannot connect to Siemens PLC

[10-11-2020 02:39:46]X: 2.3185267857142855, Y: 6.928605769230768
[10-11-2020 02:39:56]
Level: INFO
InvolvedClass: SiemensPLCThread
Log: IPAddress: 192.168.1.5, Rack: 0, Slot: 0
Message: Cannot connect to Siemens PLC

[10-11-2020 02:40:11]
Level: INFO
InvolvedClass: SiemensPLCThread
Log: IPAddress: 192.168.1.5, Rack: 0, Slot: 0
Message: Cannot connect to Siemens PLC

[10-11-2020 02:40:26]
Level: INFO
InvolvedClass: SiemensPLCThread
Log: IPAddress: 192.168.1.5, Rack: 0, Slot: 0
Message: Cannot connect to Siemens PLC

[10-11-2020 02:40:41]
Level: INFO
InvolvedClass: SiemensPLCThread
Log: IPAddress: 192.168.1.5, Rack: 0, Slot: 0
Message: Cannot connect to Siemens PLC

[10-11-2020 02:40:56]
Level: INFO
InvolvedClass: SiemensPLCThread
Log: IPAddress: 192.168.1.5, Rack: 0, Slot: 0
Message: Cannot connect to Siemens PLC

[10-11-2020 02:41:11]
Level: INFO
InvolvedClass: SiemensPLCThread
Log: IPAddress: 192.168.1.5, Rack: 0, Slot: 0
Message: Cannot connect to Siemens PLC

[10-11-2020 02:41:26]
Level: INFO
InvolvedClass: SiemensPLCThread
Log: IPAddress: 192.168.1.5, Rack: 0, Slot: 0
Message: Cannot connect to Siemens PLC

[10-11-2020 02:41:44]X: 1.796205357142857, Y: 6.691105769230769
[10-11-2020 02:42:36]X: 2.341741071428572, Y: 5.814182692307692
[10-11-2020 02:42:47]
Level: INFO
InvolvedClass: SiemensPLCThread
Log: IPAddress: 192.168.1.5, Rack: 0, Slot: 0
Message: Cannot connect to Siemens PLC

[10-11-2020 02:43:02]
Level: INFO
InvolvedClass: SiemensPLCThread
Log: IPAddress: 192.168.1.5, Rack: 0, Slot: 0
Message: Cannot connect to Siemens PLC

[10-11-2020 02:43:17]
Level: INFO
InvolvedClass: SiemensPLCThread
Log: IPAddress: 192.168.1.5, Rack: 0, Slot: 0
Message: Cannot connect to Siemens PLC

[10-11-2020 02:43:45]X: 1.9354910714285716, Y: 6.5449519230769235
[10-11-2020 02:43:50]X: 3.8406934306569345, Y: 9.19888392857143
[10-11-2020 02:43:56]
Level: INFO
InvolvedClass: SiemensPLCThread
Log: IPAddress: 192.168.1.5, Rack: 0, Slot: 0
Message: Cannot connect to Siemens PLC

[10-11-2020 02:44:11]
Level: INFO
InvolvedClass: SiemensPLCThread
Log: IPAddress: 192.168.1.5, Rack: 0, Slot: 0
Message: Cannot connect to Siemens PLC

[10-11-2020 02:44:26]
Level: INFO
InvolvedClass: SiemensPLCThread
Log: IPAddress: 192.168.1.5, Rack: 0, Slot: 0
Message: Cannot connect to Siemens PLC

[10-11-2020 02:44:28]X: 3.863651315789474, Y: 9.210681818181818
[10-11-2020 02:44:33]X: 4.879834710743802, Y: 7.155227272727272
[10-11-2020 02:45:25]X: 1.900669642857143, Y: 6.9468749999999995
[10-11-2020 02:45:36]
Level: INFO
InvolvedClass: SiemensPLCThread
Log: IPAddress: 192.168.1.5, Rack: 0, Slot: 0
Message: Cannot connect to Siemens PLC

[10-11-2020 02:46:26]X: 2.3301339285714286, Y: 6.161298076923077
[10-11-2020 02:46:37]
Level: INFO
InvolvedClass: SiemensPLCThread
Log: IPAddress: 192.168.1.5, Rack: 0, Slot: 0
Message: Cannot connect to Siemens PLC

[10-11-2020 02:51:20]X: 2.1792410714285713, Y: 6.362259615384616
[10-11-2020 02:51:28]
Level: INFO
InvolvedClass: SiemensPLCThread
Log: IPAddress: 192.168.1.5, Rack: 0, Slot: 0
Message: Cannot connect to Siemens PLC

[10-11-2020 02:51:43]
Level: INFO
InvolvedClass: SiemensPLCThread
Log: IPAddress: 192.168.1.5, Rack: 0, Slot: 0
Message: Cannot connect to Siemens PLC

[10-11-2020 02:51:58]
Level: INFO
InvolvedClass: SiemensPLCThread
Log: IPAddress: 192.168.1.5, Rack: 0, Slot: 0
Message: Cannot connect to Siemens PLC

[10-11-2020 02:52:13]
Level: INFO
InvolvedClass: SiemensPLCThread
Log: IPAddress: 192.168.1.5, Rack: 0, Slot: 0
Message: Cannot connect to Siemens PLC

[10-11-2020 02:52:49]X: 1.6917410714285714, Y: 7.093028846153847
[10-11-2020 02:52:58]
Level: INFO
InvolvedClass: SiemensPLCThread
Log: IPAddress: 192.168.1.5, Rack: 0, Slot: 0
Message: Cannot connect to Siemens PLC

[10-11-2020 02:53:13]
Level: INFO
InvolvedClass: SiemensPLCThread
Log: IPAddress: 192.168.1.5, Rack: 0, Slot: 0
Message: Cannot connect to Siemens PLC

[10-11-2020 02:54:22]X: 2.225669642857143, Y: 6.727644230769231
[10-11-2020 02:54:32]
Level: INFO
InvolvedClass: SiemensPLCThread
Log: IPAddress: 192.168.1.5, Rack: 0, Slot: 0
Message: Cannot connect to Siemens PLC

[10-11-2020 02:54:33]X: 4.80796875, Y: 7.340576923076924
[10-11-2020 02:54:34]X: 4.80796875, Y: 7.340576923076924
[10-11-2020 02:54:47]
Level: INFO
InvolvedClass: SiemensPLCThread
Log: IPAddress: 192.168.1.5, Rack: 0, Slot: 0
Message: Cannot connect to Siemens PLC

[10-11-2020 02:57:56]X: 1.7265625, Y: 6.727644230769231
[10-11-2020 02:58:07]
Level: INFO
InvolvedClass: SiemensPLCThread
Log: IPAddress: 192.168.1.5, Rack: 0, Slot: 0
Message: Cannot connect to Siemens PLC

[10-11-2020 02:58:22]
Level: INFO
InvolvedClass: SiemensPLCThread
Log: IPAddress: 192.168.1.5, Rack: 0, Slot: 0
Message: Cannot connect to Siemens PLC

[10-11-2020 02:58:37]
Level: INFO
InvolvedClass: SiemensPLCThread
Log: IPAddress: 192.168.1.5, Rack: 0, Slot: 0
Message: Cannot connect to Siemens PLC

[10-11-2020 02:58:52]
Level: INFO
InvolvedClass: SiemensPLCThread
Log: IPAddress: 192.168.1.5, Rack: 0, Slot: 0
Message: Cannot connect to Siemens PLC

[10-11-2020 02:59:07]
Level: INFO
InvolvedClass: SiemensPLCThread
Log: IPAddress: 192.168.1.5, Rack: 0, Slot: 0
Message: Cannot connect to Siemens PLC

[10-11-2020 02:59:35]X: 2.847538860103627, Y: 5.370038167938932
[10-11-2020 02:59:43]
Level: INFO
InvolvedClass: SiemensPLCThread
Log: IPAddress: 192.168.1.5, Rack: 0, Slot: 0
Message: Cannot connect to Siemens PLC

[10-11-2020 02:59:52]X: 0.1989224137931035, Y: 3.6238181818181823
[10-11-2020 02:59:58]
Level: INFO
InvolvedClass: SiemensPLCThread
Log: IPAddress: 192.168.1.5, Rack: 0, Slot: 0
Message: Cannot connect to Siemens PLC

