[10-11-2020 09:30:12]
Level: INFO
InvolvedClass: SiemensPLCThread
Log: IPAddress: 192.168.1.5, Rack: 0, Slot: 0
Message: Cannot connect to Siemens PLC

[10-11-2020 09:30:28]
Level: INFO
InvolvedClass: SiemensPLCThread
Log: IPAddress: 192.168.1.5, Rack: 0, Slot: 0
Message: Cannot connect to Siemens PLC

[10-11-2020 09:30:45]
Level: INFO
InvolvedClass: SiemensPLCThread
Log: IPAddress: 192.168.1.5, Rack: 0, Slot: 0
Message: Cannot connect to Siemens PLC

[10-11-2020 09:31:00]
Level: INFO
InvolvedClass: SiemensPLCThread
Log: IPAddress: 192.168.1.5, Rack: 0, Slot: 0
Message: Cannot connect to Siemens PLC

[10-11-2020 09:31:15]
Level: INFO
InvolvedClass: SiemensPLCThread
Log: IPAddress: 192.168.1.5, Rack: 0, Slot: 0
Message: Cannot connect to Siemens PLC

[10-11-2020 09:31:30]
Level: INFO
InvolvedClass: SiemensPLCThread
Log: IPAddress: 192.168.1.5, Rack: 0, Slot: 0
Message: Cannot connect to Siemens PLC

[10-11-2020 09:31:45]
Level: INFO
InvolvedClass: SiemensPLCThread
Log: IPAddress: 192.168.1.5, Rack: 0, Slot: 0
Message: Cannot connect to Siemens PLC

[10-11-2020 09:32:00]
Level: INFO
InvolvedClass: SiemensPLCThread
Log: IPAddress: 192.168.1.5, Rack: 0, Slot: 0
Message: Cannot connect to Siemens PLC

[10-11-2020 09:32:15]
Level: INFO
InvolvedClass: SiemensPLCThread
Log: IPAddress: 192.168.1.5, Rack: 0, Slot: 0
Message: Cannot connect to Siemens PLC

[10-11-2020 09:32:47]
Level: INFO
InvolvedClass: SiemensPLCThread
Log: IPAddress: 192.168.1.5, Rack: 0, Slot: 0
Message: Cannot connect to Siemens PLC

[10-11-2020 09:33:02]
Level: INFO
InvolvedClass: SiemensPLCThread
Log: IPAddress: 192.168.1.5, Rack: 0, Slot: 0
Message: Cannot connect to Siemens PLC

[10-11-2020 09:33:17]
Level: INFO
InvolvedClass: SiemensPLCThread
Log: IPAddress: 192.168.1.5, Rack: 0, Slot: 0
Message: Cannot connect to Siemens PLC

[10-11-2020 09:33:32]
Level: INFO
InvolvedClass: SiemensPLCThread
Log: IPAddress: 192.168.1.5, Rack: 0, Slot: 0
Message: Cannot connect to Siemens PLC

[10-11-2020 09:33:47]
Level: INFO
InvolvedClass: SiemensPLCThread
Log: IPAddress: 192.168.1.5, Rack: 0, Slot: 0
Message: Cannot connect to Siemens PLC

[10-11-2020 09:34:02]
Level: INFO
InvolvedClass: SiemensPLCThread
Log: IPAddress: 192.168.1.5, Rack: 0, Slot: 0
Message: Cannot connect to Siemens PLC

[10-11-2020 09:34:17]
Level: INFO
InvolvedClass: SiemensPLCThread
Log: IPAddress: 192.168.1.5, Rack: 0, Slot: 0
Message: Cannot connect to Siemens PLC

[10-11-2020 09:34:32]
Level: INFO
InvolvedClass: SiemensPLCThread
Log: IPAddress: 192.168.1.5, Rack: 0, Slot: 0
Message: Cannot connect to Siemens PLC

[10-11-2020 09:34:47]
Level: INFO
InvolvedClass: SiemensPLCThread
Log: IPAddress: 192.168.1.5, Rack: 0, Slot: 0
Message: Cannot connect to Siemens PLC

[10-11-2020 09:35:02]
Level: INFO
InvolvedClass: SiemensPLCThread
Log: IPAddress: 192.168.1.5, Rack: 0, Slot: 0
Message: Cannot connect to Siemens PLC

[10-11-2020 09:35:17]
Level: INFO
InvolvedClass: SiemensPLCThread
Log: IPAddress: 192.168.1.5, Rack: 0, Slot: 0
Message: Cannot connect to Siemens PLC

[10-11-2020 09:35:32]
Level: INFO
InvolvedClass: SiemensPLCThread
Log: IPAddress: 192.168.1.5, Rack: 0, Slot: 0
Message: Cannot connect to Siemens PLC

[10-11-2020 09:35:47]
Level: INFO
InvolvedClass: SiemensPLCThread
Log: IPAddress: 192.168.1.5, Rack: 0, Slot: 0
Message: Cannot connect to Siemens PLC

[10-11-2020 09:36:02]
Level: INFO
InvolvedClass: SiemensPLCThread
Log: IPAddress: 192.168.1.5, Rack: 0, Slot: 0
Message: Cannot connect to Siemens PLC

[10-11-2020 09:36:17]
Level: INFO
InvolvedClass: SiemensPLCThread
Log: IPAddress: 192.168.1.5, Rack: 0, Slot: 0
Message: Cannot connect to Siemens PLC

[10-11-2020 09:36:32]
Level: INFO
InvolvedClass: SiemensPLCThread
Log: IPAddress: 192.168.1.5, Rack: 0, Slot: 0
Message: Cannot connect to Siemens PLC

[10-11-2020 09:36:47]
Level: INFO
InvolvedClass: SiemensPLCThread
Log: IPAddress: 192.168.1.5, Rack: 0, Slot: 0
Message: Cannot connect to Siemens PLC

[10-11-2020 09:37:02]
Level: INFO
InvolvedClass: SiemensPLCThread
Log: IPAddress: 192.168.1.5, Rack: 0, Slot: 0
Message: Cannot connect to Siemens PLC

[10-11-2020 09:37:17]
Level: INFO
InvolvedClass: SiemensPLCThread
Log: IPAddress: 192.168.1.5, Rack: 0, Slot: 0
Message: Cannot connect to Siemens PLC

[10-11-2020 09:37:32]
Level: INFO
InvolvedClass: SiemensPLCThread
Log: IPAddress: 192.168.1.5, Rack: 0, Slot: 0
Message: Cannot connect to Siemens PLC

[10-11-2020 09:37:47]
Level: INFO
InvolvedClass: SiemensPLCThread
Log: IPAddress: 192.168.1.5, Rack: 0, Slot: 0
Message: Cannot connect to Siemens PLC

[10-11-2020 09:38:02]
Level: INFO
InvolvedClass: SiemensPLCThread
Log: IPAddress: 192.168.1.5, Rack: 0, Slot: 0
Message: Cannot connect to Siemens PLC

[10-11-2020 09:38:17]
Level: INFO
InvolvedClass: SiemensPLCThread
Log: IPAddress: 192.168.1.5, Rack: 0, Slot: 0
Message: Cannot connect to Siemens PLC

[10-11-2020 09:38:32]
Level: INFO
InvolvedClass: SiemensPLCThread
Log: IPAddress: 192.168.1.5, Rack: 0, Slot: 0
Message: Cannot connect to Siemens PLC

[10-11-2020 09:38:47]
Level: INFO
InvolvedClass: SiemensPLCThread
Log: IPAddress: 192.168.1.5, Rack: 0, Slot: 0
Message: Cannot connect to Siemens PLC

[10-11-2020 09:39:02]
Level: INFO
InvolvedClass: SiemensPLCThread
Log: IPAddress: 192.168.1.5, Rack: 0, Slot: 0
Message: Cannot connect to Siemens PLC

[10-11-2020 09:39:17]
Level: INFO
InvolvedClass: SiemensPLCThread
Log: IPAddress: 192.168.1.5, Rack: 0, Slot: 0
Message: Cannot connect to Siemens PLC

[10-11-2020 09:39:32]
Level: INFO
InvolvedClass: SiemensPLCThread
Log: IPAddress: 192.168.1.5, Rack: 0, Slot: 0
Message: Cannot connect to Siemens PLC

[10-11-2020 09:39:47]
Level: INFO
InvolvedClass: SiemensPLCThread
Log: IPAddress: 192.168.1.5, Rack: 0, Slot: 0
Message: Cannot connect to Siemens PLC

[10-11-2020 09:40:02]
Level: INFO
InvolvedClass: SiemensPLCThread
Log: IPAddress: 192.168.1.5, Rack: 0, Slot: 0
Message: Cannot connect to Siemens PLC

[10-11-2020 09:40:17]
Level: INFO
InvolvedClass: SiemensPLCThread
Log: IPAddress: 192.168.1.5, Rack: 0, Slot: 0
Message: Cannot connect to Siemens PLC

[10-11-2020 09:40:32]
Level: INFO
InvolvedClass: SiemensPLCThread
Log: IPAddress: 192.168.1.5, Rack: 0, Slot: 0
Message: Cannot connect to Siemens PLC

[10-11-2020 09:40:47]
Level: INFO
InvolvedClass: SiemensPLCThread
Log: IPAddress: 192.168.1.5, Rack: 0, Slot: 0
Message: Cannot connect to Siemens PLC

