[30-10-2020 09:00:01]
Level: INFO
InvolvedClass: SiemensPLCThread
Log: IPAddress: 192.168.1.5, Rack: 0, Slot: 0
Message: Cannot connect to Siemens PLC

[30-10-2020 09:00:16]
Level: INFO
InvolvedClass: SiemensPLCThread
Log: IPAddress: 192.168.1.5, Rack: 0, Slot: 0
Message: Cannot connect to Siemens PLC

[30-10-2020 09:00:31]
Level: INFO
InvolvedClass: SiemensPLCThread
Log: IPAddress: 192.168.1.5, Rack: 0, Slot: 0
Message: Cannot connect to Siemens PLC

[30-10-2020 09:00:46]
Level: INFO
InvolvedClass: SiemensPLCThread
Log: IPAddress: 192.168.1.5, Rack: 0, Slot: 0
Message: Cannot connect to Siemens PLC

[30-10-2020 09:01:01]
Level: INFO
InvolvedClass: SiemensPLCThread
Log: IPAddress: 192.168.1.5, Rack: 0, Slot: 0
Message: Cannot connect to Siemens PLC

[30-10-2020 09:01:16]
Level: INFO
InvolvedClass: SiemensPLCThread
Log: IPAddress: 192.168.1.5, Rack: 0, Slot: 0
Message: Cannot connect to Siemens PLC

[30-10-2020 09:01:31]
Level: INFO
InvolvedClass: SiemensPLCThread
Log: IPAddress: 192.168.1.5, Rack: 0, Slot: 0
Message: Cannot connect to Siemens PLC

[30-10-2020 09:01:46]
Level: INFO
InvolvedClass: SiemensPLCThread
Log: IPAddress: 192.168.1.5, Rack: 0, Slot: 0
Message: Cannot connect to Siemens PLC

[30-10-2020 09:02:01]
Level: INFO
InvolvedClass: SiemensPLCThread
Log: IPAddress: 192.168.1.5, Rack: 0, Slot: 0
Message: Cannot connect to Siemens PLC

[30-10-2020 09:02:16]
Level: INFO
InvolvedClass: SiemensPLCThread
Log: IPAddress: 192.168.1.5, Rack: 0, Slot: 0
Message: Cannot connect to Siemens PLC

[30-10-2020 09:02:31]
Level: INFO
InvolvedClass: SiemensPLCThread
Log: IPAddress: 192.168.1.5, Rack: 0, Slot: 0
Message: Cannot connect to Siemens PLC

[30-10-2020 09:02:46]
Level: INFO
InvolvedClass: SiemensPLCThread
Log: IPAddress: 192.168.1.5, Rack: 0, Slot: 0
Message: Cannot connect to Siemens PLC

[30-10-2020 09:03:01]
Level: INFO
InvolvedClass: SiemensPLCThread
Log: IPAddress: 192.168.1.5, Rack: 0, Slot: 0
Message: Cannot connect to Siemens PLC

[30-10-2020 09:03:16]
Level: INFO
InvolvedClass: SiemensPLCThread
Log: IPAddress: 192.168.1.5, Rack: 0, Slot: 0
Message: Cannot connect to Siemens PLC

[30-10-2020 09:03:31]
Level: INFO
InvolvedClass: SiemensPLCThread
Log: IPAddress: 192.168.1.5, Rack: 0, Slot: 0
Message: Cannot connect to Siemens PLC

[30-10-2020 09:04:00]
Level: INFO
InvolvedClass: SiemensPLCThread
Log: IPAddress: 192.168.1.5, Rack: 0, Slot: 0
Message: Cannot connect to Siemens PLC

[30-10-2020 09:04:15]
Level: INFO
InvolvedClass: SiemensPLCThread
Log: IPAddress: 192.168.1.5, Rack: 0, Slot: 0
Message: Cannot connect to Siemens PLC

[30-10-2020 09:16:21]
Level: INFO
InvolvedClass: SiemensPLCThread
Log: IPAddress: 192.168.1.5, Rack: 0, Slot: 0
Message: Cannot connect to Siemens PLC

[30-10-2020 09:16:36]
Level: INFO
InvolvedClass: SiemensPLCThread
Log: IPAddress: 192.168.1.5, Rack: 0, Slot: 0
Message: Cannot connect to Siemens PLC

[30-10-2020 09:16:51]
Level: INFO
InvolvedClass: SiemensPLCThread
Log: IPAddress: 192.168.1.5, Rack: 0, Slot: 0
Message: Cannot connect to Siemens PLC

[30-10-2020 09:17:06]
Level: INFO
InvolvedClass: SiemensPLCThread
Log: IPAddress: 192.168.1.5, Rack: 0, Slot: 0
Message: Cannot connect to Siemens PLC

[30-10-2020 09:17:21]
Level: INFO
InvolvedClass: SiemensPLCThread
Log: IPAddress: 192.168.1.5, Rack: 0, Slot: 0
Message: Cannot connect to Siemens PLC

[30-10-2020 09:17:36]
Level: INFO
InvolvedClass: SiemensPLCThread
Log: IPAddress: 192.168.1.5, Rack: 0, Slot: 0
Message: Cannot connect to Siemens PLC

[30-10-2020 09:17:51]
Level: INFO
InvolvedClass: SiemensPLCThread
Log: IPAddress: 192.168.1.5, Rack: 0, Slot: 0
Message: Cannot connect to Siemens PLC

[30-10-2020 09:18:06]
Level: INFO
InvolvedClass: SiemensPLCThread
Log: IPAddress: 192.168.1.5, Rack: 0, Slot: 0
Message: Cannot connect to Siemens PLC

[30-10-2020 09:18:21]
Level: INFO
InvolvedClass: SiemensPLCThread
Log: IPAddress: 192.168.1.5, Rack: 0, Slot: 0
Message: Cannot connect to Siemens PLC

[30-10-2020 09:18:36]
Level: INFO
InvolvedClass: SiemensPLCThread
Log: IPAddress: 192.168.1.5, Rack: 0, Slot: 0
Message: Cannot connect to Siemens PLC

[30-10-2020 09:18:51]
Level: INFO
InvolvedClass: SiemensPLCThread
Log: IPAddress: 192.168.1.5, Rack: 0, Slot: 0
Message: Cannot connect to Siemens PLC

[30-10-2020 09:19:06]
Level: INFO
InvolvedClass: SiemensPLCThread
Log: IPAddress: 192.168.1.5, Rack: 0, Slot: 0
Message: Cannot connect to Siemens PLC

[30-10-2020 09:19:21]
Level: INFO
InvolvedClass: SiemensPLCThread
Log: IPAddress: 192.168.1.5, Rack: 0, Slot: 0
Message: Cannot connect to Siemens PLC

[30-10-2020 09:19:36]
Level: INFO
InvolvedClass: SiemensPLCThread
Log: IPAddress: 192.168.1.5, Rack: 0, Slot: 0
Message: Cannot connect to Siemens PLC

[30-10-2020 09:19:51]
Level: INFO
InvolvedClass: SiemensPLCThread
Log: IPAddress: 192.168.1.5, Rack: 0, Slot: 0
Message: Cannot connect to Siemens PLC

[30-10-2020 09:20:06]
Level: INFO
InvolvedClass: SiemensPLCThread
Log: IPAddress: 192.168.1.5, Rack: 0, Slot: 0
Message: Cannot connect to Siemens PLC

[30-10-2020 09:20:21]
Level: INFO
InvolvedClass: SiemensPLCThread
Log: IPAddress: 192.168.1.5, Rack: 0, Slot: 0
Message: Cannot connect to Siemens PLC

[30-10-2020 09:20:36]
Level: INFO
InvolvedClass: SiemensPLCThread
Log: IPAddress: 192.168.1.5, Rack: 0, Slot: 0
Message: Cannot connect to Siemens PLC

[30-10-2020 09:20:51]
Level: INFO
InvolvedClass: SiemensPLCThread
Log: IPAddress: 192.168.1.5, Rack: 0, Slot: 0
Message: Cannot connect to Siemens PLC

[30-10-2020 09:23:13]
Level: INFO
InvolvedClass: SiemensPLCThread
Log: IPAddress: 192.168.1.5, Rack: 0, Slot: 0
Message: Cannot connect to Siemens PLC

[30-10-2020 09:23:28]
Level: INFO
InvolvedClass: SiemensPLCThread
Log: IPAddress: 192.168.1.5, Rack: 0, Slot: 0
Message: Cannot connect to Siemens PLC

