[29-10-2020 02:31:45]
Level: SEVERE
InvolvedClass: JavaFXMain
Message: Error while Starting Main
parozzz.github.com.hmi.main.quickproperties.BaseQuickPropertiesPane.update(BaseQuickPropertiesPane.java:53)
parozzz.github.com.hmi.main.quickproperties.QuickPropertiesVBox.update(QuickPropertiesVBox.java:45)
parozzz.github.com.hmi.controls.controlwrapper.ControlWrapper.applyAttributes(ControlWrapper.java:517)
parozzz.github.com.hmi.controls.controlwrapper.LabeledWrapper.applyAttributes(LabeledWrapper.java:42)
parozzz.github.com.hmi.controls.controlwrapper.impl.button.ButtonWrapper.applyAttributes(ButtonWrapper.java:43)
parozzz.github.com.hmi.controls.controlwrapper.impl.button.ButtonWrapper.applyAttributes(ButtonWrapper.java:17)
parozzz.github.com.hmi.controls.controlwrapper.ControlWrapper.applyAttributes(ControlWrapper.java:494)
parozzz.github.com.hmi.controls.controlwrapper.ControlWrapper.applyAttributes(ControlWrapper.java:489)
parozzz.github.com.hmi.controls.controlwrapper.ControlWrapper.setupComplete(ControlWrapper.java:252)
java.base/java.util.stream.ForEachOps$ForEachOp$OfRef.accept(ForEachOps.java:183)
java.base/java.util.stream.ReferencePipeline$2$1.accept(ReferencePipeline.java:177)
java.base/java.util.stream.ReferencePipeline$3$1.accept(ReferencePipeline.java:195)
java.base/java.util.HashMap$KeySpliterator.forEachRemaining(HashMap.java:1694)
java.base/java.util.stream.AbstractPipeline.copyInto(AbstractPipeline.java:484)
java.base/java.util.stream.AbstractPipeline.wrapAndCopyInto(AbstractPipeline.java:474)
java.base/java.util.stream.ForEachOps$ForEachOp.evaluateSequential(ForEachOps.java:150)
java.base/java.util.stream.ForEachOps$ForEachOp$OfRef.evaluateSequential(ForEachOps.java:173)
java.base/java.util.stream.AbstractPipeline.evaluate(AbstractPipeline.java:234)
java.base/java.util.stream.ReferencePipeline.forEach(ReferencePipeline.java:497)
parozzz.github.com.hmi.FXController.setupComplete(FXController.java:75)
parozzz.github.com.hmi.controls.ControlContainerPane.setupComplete(ControlContainerPane.java:206)
java.base/java.util.stream.ForEachOps$ForEachOp$OfRef.accept(ForEachOps.java:183)
java.base/java.util.stream.ReferencePipeline$2$1.accept(ReferencePipeline.java:177)
java.base/java.util.stream.ReferencePipeline$3$1.accept(ReferencePipeline.java:195)
java.base/java.util.HashMap$KeySpliterator.forEachRemaining(HashMap.java:1694)
java.base/java.util.stream.AbstractPipeline.copyInto(AbstractPipeline.java:484)
java.base/java.util.stream.AbstractPipeline.wrapAndCopyInto(AbstractPipeline.java:474)
java.base/java.util.stream.ForEachOps$ForEachOp.evaluateSequential(ForEachOps.java:150)
java.base/java.util.stream.ForEachOps$ForEachOp$OfRef.evaluateSequential(ForEachOps.java:173)
java.base/java.util.stream.AbstractPipeline.evaluate(AbstractPipeline.java:234)
java.base/java.util.stream.ReferencePipeline.forEach(ReferencePipeline.java:497)
parozzz.github.com.hmi.FXController.setupComplete(FXController.java:75)
parozzz.github.com.hmi.database.ControlContainerDatabase.setupComplete(ControlContainerDatabase.java:85)
java.base/java.util.stream.ForEachOps$ForEachOp$OfRef.accept(ForEachOps.java:183)
java.base/java.util.stream.ReferencePipeline$2$1.accept(ReferencePipeline.java:177)
java.base/java.util.stream.ReferencePipeline$3$1.accept(ReferencePipeline.java:195)
java.base/java.util.HashMap$KeySpliterator.forEachRemaining(HashMap.java:1694)
java.base/java.util.stream.AbstractPipeline.copyInto(AbstractPipeline.java:484)
java.base/java.util.stream.AbstractPipeline.wrapAndCopyInto(AbstractPipeline.java:474)
java.base/java.util.stream.ForEachOps$ForEachOp.evaluateSequential(ForEachOps.java:150)
java.base/java.util.stream.ForEachOps$ForEachOp$OfRef.evaluateSequential(ForEachOps.java:173)
java.base/java.util.stream.AbstractPipeline.evaluate(AbstractPipeline.java:234)
java.base/java.util.stream.ReferencePipeline.forEach(ReferencePipeline.java:497)
parozzz.github.com.hmi.FXController.setupComplete(FXController.java:75)
parozzz.github.com.hmi.main.MainEditStage.setupComplete(MainEditStage.java:206)
java.base/java.util.stream.ForEachOps$ForEachOp$OfRef.accept(ForEachOps.java:183)
java.base/java.util.stream.ReferencePipeline$2$1.accept(ReferencePipeline.java:177)
java.base/java.util.stream.ReferencePipeline$3$1.accept(ReferencePipeline.java:195)
java.base/java.util.HashMap$KeySpliterator.forEachRemaining(HashMap.java:1694)
java.base/java.util.stream.AbstractPipeline.copyInto(AbstractPipeline.java:484)
java.base/java.util.stream.AbstractPipeline.wrapAndCopyInto(AbstractPipeline.java:474)
java.base/java.util.stream.ForEachOps$ForEachOp.evaluateSequential(ForEachOps.java:150)
java.base/java.util.stream.ForEachOps$ForEachOp$OfRef.evaluateSequential(ForEachOps.java:173)
java.base/java.util.stream.AbstractPipeline.evaluate(AbstractPipeline.java:234)
java.base/java.util.stream.ReferencePipeline.forEach(ReferencePipeline.java:497)
parozzz.github.com.hmi.FXController.setupComplete(FXController.java:75)
parozzz.github.com.hmi.JavaFXMain.start(JavaFXMain.java:68)
com.sun.javafx.application.LauncherImpl.lambda$launchApplication1$9(LauncherImpl.java:846)
com.sun.javafx.application.PlatformImpl.lambda$runAndWait$12(PlatformImpl.java:455)
com.sun.javafx.application.PlatformImpl.lambda$runLater$10(PlatformImpl.java:428)
java.base/java.security.AccessController.doPrivileged(AccessController.java:391)
com.sun.javafx.application.PlatformImpl.lambda$runLater$11(PlatformImpl.java:427)
com.sun.glass.ui.InvokeLaterDispatcher$Future.run(InvokeLaterDispatcher.java:96)
com.sun.glass.ui.win.WinApplication._runLoop(Native Method)
com.sun.glass.ui.win.WinApplication.lambda$runLoop$3(WinApplication.java:174)
java.base/java.lang.Thread.run(Thread.java:832)

[29-10-2020 02:31:54]
Level: SEVERE
InvolvedClass: JavaFXMain
Message: Error while Starting Main
parozzz.github.com.hmi.main.quickproperties.BaseQuickPropertiesPane.update(BaseQuickPropertiesPane.java:53)
parozzz.github.com.hmi.main.quickproperties.QuickPropertiesVBox.update(QuickPropertiesVBox.java:45)
parozzz.github.com.hmi.controls.controlwrapper.ControlWrapper.applyAttributes(ControlWrapper.java:517)
parozzz.github.com.hmi.controls.controlwrapper.LabeledWrapper.applyAttributes(LabeledWrapper.java:42)
parozzz.github.com.hmi.controls.controlwrapper.impl.button.ButtonWrapper.applyAttributes(ButtonWrapper.java:43)
parozzz.github.com.hmi.controls.controlwrapper.impl.button.ButtonWrapper.applyAttributes(ButtonWrapper.java:17)
parozzz.github.com.hmi.controls.controlwrapper.ControlWrapper.applyAttributes(ControlWrapper.java:494)
parozzz.github.com.hmi.controls.controlwrapper.ControlWrapper.applyAttributes(ControlWrapper.java:489)
parozzz.github.com.hmi.controls.controlwrapper.ControlWrapper.setupComplete(ControlWrapper.java:252)
java.base/java.util.stream.ForEachOps$ForEachOp$OfRef.accept(ForEachOps.java:183)
java.base/java.util.stream.ReferencePipeline$2$1.accept(ReferencePipeline.java:177)
java.base/java.util.stream.ReferencePipeline$3$1.accept(ReferencePipeline.java:195)
java.base/java.util.HashMap$KeySpliterator.forEachRemaining(HashMap.java:1694)
java.base/java.util.stream.AbstractPipeline.copyInto(AbstractPipeline.java:484)
java.base/java.util.stream.AbstractPipeline.wrapAndCopyInto(AbstractPipeline.java:474)
java.base/java.util.stream.ForEachOps$ForEachOp.evaluateSequential(ForEachOps.java:150)
java.base/java.util.stream.ForEachOps$ForEachOp$OfRef.evaluateSequential(ForEachOps.java:173)
java.base/java.util.stream.AbstractPipeline.evaluate(AbstractPipeline.java:234)
java.base/java.util.stream.ReferencePipeline.forEach(ReferencePipeline.java:497)
parozzz.github.com.hmi.FXController.setupComplete(FXController.java:75)
parozzz.github.com.hmi.controls.ControlContainerPane.setupComplete(ControlContainerPane.java:206)
java.base/java.util.stream.ForEachOps$ForEachOp$OfRef.accept(ForEachOps.java:183)
java.base/java.util.stream.ReferencePipeline$2$1.accept(ReferencePipeline.java:177)
java.base/java.util.stream.ReferencePipeline$3$1.accept(ReferencePipeline.java:195)
java.base/java.util.HashMap$KeySpliterator.forEachRemaining(HashMap.java:1694)
java.base/java.util.stream.AbstractPipeline.copyInto(AbstractPipeline.java:484)
java.base/java.util.stream.AbstractPipeline.wrapAndCopyInto(AbstractPipeline.java:474)
java.base/java.util.stream.ForEachOps$ForEachOp.evaluateSequential(ForEachOps.java:150)
java.base/java.util.stream.ForEachOps$ForEachOp$OfRef.evaluateSequential(ForEachOps.java:173)
java.base/java.util.stream.AbstractPipeline.evaluate(AbstractPipeline.java:234)
java.base/java.util.stream.ReferencePipeline.forEach(ReferencePipeline.java:497)
parozzz.github.com.hmi.FXController.setupComplete(FXController.java:75)
parozzz.github.com.hmi.database.ControlContainerDatabase.setupComplete(ControlContainerDatabase.java:85)
java.base/java.util.stream.ForEachOps$ForEachOp$OfRef.accept(ForEachOps.java:183)
java.base/java.util.stream.ReferencePipeline$2$1.accept(ReferencePipeline.java:177)
java.base/java.util.stream.ReferencePipeline$3$1.accept(ReferencePipeline.java:195)
java.base/java.util.HashMap$KeySpliterator.forEachRemaining(HashMap.java:1694)
java.base/java.util.stream.AbstractPipeline.copyInto(AbstractPipeline.java:484)
java.base/java.util.stream.AbstractPipeline.wrapAndCopyInto(AbstractPipeline.java:474)
java.base/java.util.stream.ForEachOps$ForEachOp.evaluateSequential(ForEachOps.java:150)
java.base/java.util.stream.ForEachOps$ForEachOp$OfRef.evaluateSequential(ForEachOps.java:173)
java.base/java.util.stream.AbstractPipeline.evaluate(AbstractPipeline.java:234)
java.base/java.util.stream.ReferencePipeline.forEach(ReferencePipeline.java:497)
parozzz.github.com.hmi.FXController.setupComplete(FXController.java:75)
parozzz.github.com.hmi.main.MainEditStage.setupComplete(MainEditStage.java:206)
java.base/java.util.stream.ForEachOps$ForEachOp$OfRef.accept(ForEachOps.java:183)
java.base/java.util.stream.ReferencePipeline$2$1.accept(ReferencePipeline.java:177)
java.base/java.util.stream.ReferencePipeline$3$1.accept(ReferencePipeline.java:195)
java.base/java.util.HashMap$KeySpliterator.forEachRemaining(HashMap.java:1694)
java.base/java.util.stream.AbstractPipeline.copyInto(AbstractPipeline.java:484)
java.base/java.util.stream.AbstractPipeline.wrapAndCopyInto(AbstractPipeline.java:474)
java.base/java.util.stream.ForEachOps$ForEachOp.evaluateSequential(ForEachOps.java:150)
java.base/java.util.stream.ForEachOps$ForEachOp$OfRef.evaluateSequential(ForEachOps.java:173)
java.base/java.util.stream.AbstractPipeline.evaluate(AbstractPipeline.java:234)
java.base/java.util.stream.ReferencePipeline.forEach(ReferencePipeline.java:497)
parozzz.github.com.hmi.FXController.setupComplete(FXController.java:75)
parozzz.github.com.hmi.JavaFXMain.start(JavaFXMain.java:68)
com.sun.javafx.application.LauncherImpl.lambda$launchApplication1$9(LauncherImpl.java:846)
com.sun.javafx.application.PlatformImpl.lambda$runAndWait$12(PlatformImpl.java:455)
com.sun.javafx.application.PlatformImpl.lambda$runLater$10(PlatformImpl.java:428)
java.base/java.security.AccessController.doPrivileged(AccessController.java:391)
com.sun.javafx.application.PlatformImpl.lambda$runLater$11(PlatformImpl.java:427)
com.sun.glass.ui.InvokeLaterDispatcher$Future.run(InvokeLaterDispatcher.java:96)
com.sun.glass.ui.win.WinApplication._runLoop(Native Method)
com.sun.glass.ui.win.WinApplication.lambda$runLoop$3(WinApplication.java:174)
java.base/java.lang.Thread.run(Thread.java:832)

[29-10-2020 02:33:07]
Level: SEVERE
InvolvedClass: JavaFXMain
Message: Error while Starting Main
parozzz.github.com.hmi.main.quickproperties.BaseQuickPropertiesPane.update(BaseQuickPropertiesPane.java:53)
parozzz.github.com.hmi.main.quickproperties.QuickPropertiesVBox.update(QuickPropertiesVBox.java:45)
parozzz.github.com.hmi.controls.controlwrapper.ControlWrapper.applyAttributes(ControlWrapper.java:517)
parozzz.github.com.hmi.controls.controlwrapper.LabeledWrapper.applyAttributes(LabeledWrapper.java:42)
parozzz.github.com.hmi.controls.controlwrapper.impl.button.ButtonWrapper.applyAttributes(ButtonWrapper.java:43)
parozzz.github.com.hmi.controls.controlwrapper.impl.button.ButtonWrapper.applyAttributes(ButtonWrapper.java:17)
parozzz.github.com.hmi.controls.controlwrapper.ControlWrapper.applyAttributes(ControlWrapper.java:494)
parozzz.github.com.hmi.controls.controlwrapper.ControlWrapper.applyAttributes(ControlWrapper.java:489)
parozzz.github.com.hmi.controls.controlwrapper.ControlWrapper.setupComplete(ControlWrapper.java:252)
java.base/java.util.stream.ForEachOps$ForEachOp$OfRef.accept(ForEachOps.java:183)
java.base/java.util.stream.ReferencePipeline$2$1.accept(ReferencePipeline.java:177)
java.base/java.util.stream.ReferencePipeline$3$1.accept(ReferencePipeline.java:195)
java.base/java.util.HashMap$KeySpliterator.forEachRemaining(HashMap.java:1694)
java.base/java.util.stream.AbstractPipeline.copyInto(AbstractPipeline.java:484)
java.base/java.util.stream.AbstractPipeline.wrapAndCopyInto(AbstractPipeline.java:474)
java.base/java.util.stream.ForEachOps$ForEachOp.evaluateSequential(ForEachOps.java:150)
java.base/java.util.stream.ForEachOps$ForEachOp$OfRef.evaluateSequential(ForEachOps.java:173)
java.base/java.util.stream.AbstractPipeline.evaluate(AbstractPipeline.java:234)
java.base/java.util.stream.ReferencePipeline.forEach(ReferencePipeline.java:497)
parozzz.github.com.hmi.FXController.setupComplete(FXController.java:75)
parozzz.github.com.hmi.controls.ControlContainerPane.setupComplete(ControlContainerPane.java:206)
java.base/java.util.stream.ForEachOps$ForEachOp$OfRef.accept(ForEachOps.java:183)
java.base/java.util.stream.ReferencePipeline$2$1.accept(ReferencePipeline.java:177)
java.base/java.util.stream.ReferencePipeline$3$1.accept(ReferencePipeline.java:195)
java.base/java.util.HashMap$KeySpliterator.forEachRemaining(HashMap.java:1694)
java.base/java.util.stream.AbstractPipeline.copyInto(AbstractPipeline.java:484)
java.base/java.util.stream.AbstractPipeline.wrapAndCopyInto(AbstractPipeline.java:474)
java.base/java.util.stream.ForEachOps$ForEachOp.evaluateSequential(ForEachOps.java:150)
java.base/java.util.stream.ForEachOps$ForEachOp$OfRef.evaluateSequential(ForEachOps.java:173)
java.base/java.util.stream.AbstractPipeline.evaluate(AbstractPipeline.java:234)
java.base/java.util.stream.ReferencePipeline.forEach(ReferencePipeline.java:497)
parozzz.github.com.hmi.FXController.setupComplete(FXController.java:75)
parozzz.github.com.hmi.database.ControlContainerDatabase.setupComplete(ControlContainerDatabase.java:85)
java.base/java.util.stream.ForEachOps$ForEachOp$OfRef.accept(ForEachOps.java:183)
java.base/java.util.stream.ReferencePipeline$2$1.accept(ReferencePipeline.java:177)
java.base/java.util.stream.ReferencePipeline$3$1.accept(ReferencePipeline.java:195)
java.base/java.util.HashMap$KeySpliterator.forEachRemaining(HashMap.java:1694)
java.base/java.util.stream.AbstractPipeline.copyInto(AbstractPipeline.java:484)
java.base/java.util.stream.AbstractPipeline.wrapAndCopyInto(AbstractPipeline.java:474)
java.base/java.util.stream.ForEachOps$ForEachOp.evaluateSequential(ForEachOps.java:150)
java.base/java.util.stream.ForEachOps$ForEachOp$OfRef.evaluateSequential(ForEachOps.java:173)
java.base/java.util.stream.AbstractPipeline.evaluate(AbstractPipeline.java:234)
java.base/java.util.stream.ReferencePipeline.forEach(ReferencePipeline.java:497)
parozzz.github.com.hmi.FXController.setupComplete(FXController.java:75)
parozzz.github.com.hmi.main.MainEditStage.setupComplete(MainEditStage.java:206)
java.base/java.util.stream.ForEachOps$ForEachOp$OfRef.accept(ForEachOps.java:183)
java.base/java.util.stream.ReferencePipeline$2$1.accept(ReferencePipeline.java:177)
java.base/java.util.stream.ReferencePipeline$3$1.accept(ReferencePipeline.java:195)
java.base/java.util.HashMap$KeySpliterator.forEachRemaining(HashMap.java:1694)
java.base/java.util.stream.AbstractPipeline.copyInto(AbstractPipeline.java:484)
java.base/java.util.stream.AbstractPipeline.wrapAndCopyInto(AbstractPipeline.java:474)
java.base/java.util.stream.ForEachOps$ForEachOp.evaluateSequential(ForEachOps.java:150)
java.base/java.util.stream.ForEachOps$ForEachOp$OfRef.evaluateSequential(ForEachOps.java:173)
java.base/java.util.stream.AbstractPipeline.evaluate(AbstractPipeline.java:234)
java.base/java.util.stream.ReferencePipeline.forEach(ReferencePipeline.java:497)
parozzz.github.com.hmi.FXController.setupComplete(FXController.java:75)
parozzz.github.com.hmi.JavaFXMain.start(JavaFXMain.java:68)
com.sun.javafx.application.LauncherImpl.lambda$launchApplication1$9(LauncherImpl.java:846)
com.sun.javafx.application.PlatformImpl.lambda$runAndWait$12(PlatformImpl.java:455)
com.sun.javafx.application.PlatformImpl.lambda$runLater$10(PlatformImpl.java:428)
java.base/java.security.AccessController.doPrivileged(AccessController.java:391)
com.sun.javafx.application.PlatformImpl.lambda$runLater$11(PlatformImpl.java:427)
com.sun.glass.ui.InvokeLaterDispatcher$Future.run(InvokeLaterDispatcher.java:96)
com.sun.glass.ui.win.WinApplication._runLoop(Native Method)
com.sun.glass.ui.win.WinApplication.lambda$runLoop$3(WinApplication.java:174)
java.base/java.lang.Thread.run(Thread.java:832)

[29-10-2020 02:33:26]
Level: SEVERE
InvolvedClass: JavaFXMain
Message: Error while Starting Main
parozzz.github.com.hmi.main.quickproperties.BaseQuickPropertiesPane.update(BaseQuickPropertiesPane.java:53)
parozzz.github.com.hmi.main.quickproperties.QuickPropertiesVBox.update(QuickPropertiesVBox.java:45)
parozzz.github.com.hmi.controls.controlwrapper.ControlWrapper.applyAttributes(ControlWrapper.java:517)
parozzz.github.com.hmi.controls.controlwrapper.LabeledWrapper.applyAttributes(LabeledWrapper.java:42)
parozzz.github.com.hmi.controls.controlwrapper.impl.button.ButtonWrapper.applyAttributes(ButtonWrapper.java:43)
parozzz.github.com.hmi.controls.controlwrapper.impl.button.ButtonWrapper.applyAttributes(ButtonWrapper.java:17)
parozzz.github.com.hmi.controls.controlwrapper.ControlWrapper.applyAttributes(ControlWrapper.java:494)
parozzz.github.com.hmi.controls.controlwrapper.ControlWrapper.applyAttributes(ControlWrapper.java:489)
parozzz.github.com.hmi.controls.controlwrapper.ControlWrapper.setupComplete(ControlWrapper.java:252)
java.base/java.util.stream.ForEachOps$ForEachOp$OfRef.accept(ForEachOps.java:183)
java.base/java.util.stream.ReferencePipeline$2$1.accept(ReferencePipeline.java:177)
java.base/java.util.stream.ReferencePipeline$3$1.accept(ReferencePipeline.java:195)
java.base/java.util.HashMap$KeySpliterator.forEachRemaining(HashMap.java:1694)
java.base/java.util.stream.AbstractPipeline.copyInto(AbstractPipeline.java:484)
java.base/java.util.stream.AbstractPipeline.wrapAndCopyInto(AbstractPipeline.java:474)
java.base/java.util.stream.ForEachOps$ForEachOp.evaluateSequential(ForEachOps.java:150)
java.base/java.util.stream.ForEachOps$ForEachOp$OfRef.evaluateSequential(ForEachOps.java:173)
java.base/java.util.stream.AbstractPipeline.evaluate(AbstractPipeline.java:234)
java.base/java.util.stream.ReferencePipeline.forEach(ReferencePipeline.java:497)
parozzz.github.com.hmi.FXController.setupComplete(FXController.java:75)
parozzz.github.com.hmi.controls.ControlContainerPane.setupComplete(ControlContainerPane.java:206)
java.base/java.util.stream.ForEachOps$ForEachOp$OfRef.accept(ForEachOps.java:183)
java.base/java.util.stream.ReferencePipeline$2$1.accept(ReferencePipeline.java:177)
java.base/java.util.stream.ReferencePipeline$3$1.accept(ReferencePipeline.java:195)
java.base/java.util.HashMap$KeySpliterator.forEachRemaining(HashMap.java:1694)
java.base/java.util.stream.AbstractPipeline.copyInto(AbstractPipeline.java:484)
java.base/java.util.stream.AbstractPipeline.wrapAndCopyInto(AbstractPipeline.java:474)
java.base/java.util.stream.ForEachOps$ForEachOp.evaluateSequential(ForEachOps.java:150)
java.base/java.util.stream.ForEachOps$ForEachOp$OfRef.evaluateSequential(ForEachOps.java:173)
java.base/java.util.stream.AbstractPipeline.evaluate(AbstractPipeline.java:234)
java.base/java.util.stream.ReferencePipeline.forEach(ReferencePipeline.java:497)
parozzz.github.com.hmi.FXController.setupComplete(FXController.java:75)
parozzz.github.com.hmi.database.ControlContainerDatabase.setupComplete(ControlContainerDatabase.java:85)
java.base/java.util.stream.ForEachOps$ForEachOp$OfRef.accept(ForEachOps.java:183)
java.base/java.util.stream.ReferencePipeline$2$1.accept(ReferencePipeline.java:177)
java.base/java.util.stream.ReferencePipeline$3$1.accept(ReferencePipeline.java:195)
java.base/java.util.HashMap$KeySpliterator.forEachRemaining(HashMap.java:1694)
java.base/java.util.stream.AbstractPipeline.copyInto(AbstractPipeline.java:484)
java.base/java.util.stream.AbstractPipeline.wrapAndCopyInto(AbstractPipeline.java:474)
java.base/java.util.stream.ForEachOps$ForEachOp.evaluateSequential(ForEachOps.java:150)
java.base/java.util.stream.ForEachOps$ForEachOp$OfRef.evaluateSequential(ForEachOps.java:173)
java.base/java.util.stream.AbstractPipeline.evaluate(AbstractPipeline.java:234)
java.base/java.util.stream.ReferencePipeline.forEach(ReferencePipeline.java:497)
parozzz.github.com.hmi.FXController.setupComplete(FXController.java:75)
parozzz.github.com.hmi.main.MainEditStage.setupComplete(MainEditStage.java:206)
java.base/java.util.stream.ForEachOps$ForEachOp$OfRef.accept(ForEachOps.java:183)
java.base/java.util.stream.ReferencePipeline$2$1.accept(ReferencePipeline.java:177)
java.base/java.util.stream.ReferencePipeline$3$1.accept(ReferencePipeline.java:195)
java.base/java.util.HashMap$KeySpliterator.forEachRemaining(HashMap.java:1694)
java.base/java.util.stream.AbstractPipeline.copyInto(AbstractPipeline.java:484)
java.base/java.util.stream.AbstractPipeline.wrapAndCopyInto(AbstractPipeline.java:474)
java.base/java.util.stream.ForEachOps$ForEachOp.evaluateSequential(ForEachOps.java:150)
java.base/java.util.stream.ForEachOps$ForEachOp$OfRef.evaluateSequential(ForEachOps.java:173)
java.base/java.util.stream.AbstractPipeline.evaluate(AbstractPipeline.java:234)
java.base/java.util.stream.ReferencePipeline.forEach(ReferencePipeline.java:497)
parozzz.github.com.hmi.FXController.setupComplete(FXController.java:75)
parozzz.github.com.hmi.JavaFXMain.start(JavaFXMain.java:68)
com.sun.javafx.application.LauncherImpl.lambda$launchApplication1$9(LauncherImpl.java:846)
com.sun.javafx.application.PlatformImpl.lambda$runAndWait$12(PlatformImpl.java:455)
com.sun.javafx.application.PlatformImpl.lambda$runLater$10(PlatformImpl.java:428)
java.base/java.security.AccessController.doPrivileged(AccessController.java:391)
com.sun.javafx.application.PlatformImpl.lambda$runLater$11(PlatformImpl.java:427)
com.sun.glass.ui.InvokeLaterDispatcher$Future.run(InvokeLaterDispatcher.java:96)
com.sun.glass.ui.win.WinApplication._runLoop(Native Method)
com.sun.glass.ui.win.WinApplication.lambda$runLoop$3(WinApplication.java:174)
java.base/java.lang.Thread.run(Thread.java:832)

[29-10-2020 02:39:54]
Level: INFO
InvolvedClass: SiemensPLCThread
Log: IPAddress: 192.168.1.5, Rack: 0, Slot: 0
Message: Cannot connect to Siemens PLC

[29-10-2020 02:46:18]
Level: INFO
InvolvedClass: SiemensPLCThread
Log: IPAddress: 192.168.1.5, Rack: 0, Slot: 0
Message: Cannot connect to Siemens PLC

[29-10-2020 02:46:33]
Level: INFO
InvolvedClass: SiemensPLCThread
Log: IPAddress: 192.168.1.5, Rack: 0, Slot: 0
Message: Cannot connect to Siemens PLC

[29-10-2020 02:46:48]
Level: INFO
InvolvedClass: SiemensPLCThread
Log: IPAddress: 192.168.1.5, Rack: 0, Slot: 0
Message: Cannot connect to Siemens PLC

[29-10-2020 02:47:03]
Level: INFO
InvolvedClass: SiemensPLCThread
Log: IPAddress: 192.168.1.5, Rack: 0, Slot: 0
Message: Cannot connect to Siemens PLC

[29-10-2020 02:47:18]
Level: INFO
InvolvedClass: SiemensPLCThread
Log: IPAddress: 192.168.1.5, Rack: 0, Slot: 0
Message: Cannot connect to Siemens PLC

[29-10-2020 02:47:33]
Level: INFO
InvolvedClass: SiemensPLCThread
Log: IPAddress: 192.168.1.5, Rack: 0, Slot: 0
Message: Cannot connect to Siemens PLC

[29-10-2020 02:47:48]
Level: INFO
InvolvedClass: SiemensPLCThread
Log: IPAddress: 192.168.1.5, Rack: 0, Slot: 0
Message: Cannot connect to Siemens PLC

[29-10-2020 02:48:03]
Level: INFO
InvolvedClass: SiemensPLCThread
Log: IPAddress: 192.168.1.5, Rack: 0, Slot: 0
Message: Cannot connect to Siemens PLC

[29-10-2020 02:48:18]
Level: INFO
InvolvedClass: SiemensPLCThread
Log: IPAddress: 192.168.1.5, Rack: 0, Slot: 0
Message: Cannot connect to Siemens PLC

[29-10-2020 02:48:33]
Level: INFO
InvolvedClass: SiemensPLCThread
Log: IPAddress: 192.168.1.5, Rack: 0, Slot: 0
Message: Cannot connect to Siemens PLC

[29-10-2020 02:48:48]
Level: INFO
InvolvedClass: SiemensPLCThread
Log: IPAddress: 192.168.1.5, Rack: 0, Slot: 0
Message: Cannot connect to Siemens PLC

[29-10-2020 02:49:03]
Level: INFO
InvolvedClass: SiemensPLCThread
Log: IPAddress: 192.168.1.5, Rack: 0, Slot: 0
Message: Cannot connect to Siemens PLC

[29-10-2020 02:49:18]
Level: INFO
InvolvedClass: SiemensPLCThread
Log: IPAddress: 192.168.1.5, Rack: 0, Slot: 0
Message: Cannot connect to Siemens PLC

[29-10-2020 02:49:33]
Level: INFO
InvolvedClass: SiemensPLCThread
Log: IPAddress: 192.168.1.5, Rack: 0, Slot: 0
Message: Cannot connect to Siemens PLC

[29-10-2020 02:49:48]
Level: INFO
InvolvedClass: SiemensPLCThread
Log: IPAddress: 192.168.1.5, Rack: 0, Slot: 0
Message: Cannot connect to Siemens PLC

