[29-10-2020 08:47:28]
Level: SEVERE
InvolvedClass: JavaFXMain
Message: Error while Parsing Saved Data
org.json.simple.parser.JSONParser.parse(JSONParser.java:257)
org.json.simple.parser.JSONParser.parse(JSONParser.java:92)
parozzz.github.com.hmi.JavaFXMain.start(JavaFXMain.java:52)
com.sun.javafx.application.LauncherImpl.lambda$launchApplication1$9(LauncherImpl.java:846)
com.sun.javafx.application.PlatformImpl.lambda$runAndWait$12(PlatformImpl.java:455)
com.sun.javafx.application.PlatformImpl.lambda$runLater$10(PlatformImpl.java:428)
java.base/java.security.AccessController.doPrivileged(AccessController.java:391)
com.sun.javafx.application.PlatformImpl.lambda$runLater$11(PlatformImpl.java:427)
com.sun.glass.ui.InvokeLaterDispatcher$Future.run(InvokeLaterDispatcher.java:96)
com.sun.glass.ui.win.WinApplication._runLoop(Native Method)
com.sun.glass.ui.win.WinApplication.lambda$runLoop$3(WinApplication.java:174)
java.base/java.lang.Thread.run(Thread.java:832)

[29-10-2020 08:47:42]
Level: INFO
InvolvedClass: SiemensPLCThread
Log: IPAddress: 192.168.1.5, Rack: 0, Slot: 0
Message: Cannot connect to Siemens PLC

[29-10-2020 08:47:57]
Level: INFO
InvolvedClass: SiemensPLCThread
Log: IPAddress: 192.168.1.5, Rack: 0, Slot: 0
Message: Cannot connect to Siemens PLC

[29-10-2020 08:48:12]
Level: INFO
InvolvedClass: SiemensPLCThread
Log: IPAddress: 192.168.1.5, Rack: 0, Slot: 0
Message: Cannot connect to Siemens PLC

